INF [20100405-20:00:20.620] w3c: - - - - - - - - RowzShards:rebuild_schema 
INF [20100405-20:01:22.100] w3c: - - - - - - - - RowzShards:rebuild_schema 
INF [20100405-20:01:47.461] w3c: 66 - - - - - - - RowzShards:rebuild_schema 
INF [20100405-20:01:47.475] w3c: 5 - - - - - - - RowzShards:create_shard ShardInfo(class_name:com.twitter.rowz.SqlShard,_table_prefix:data_a0,_hostname:localhost,_source_type:,_destination_type:,_busy:0,_shard_id:0)
INF [20100405-20:01:47.492] w3c: 14 - - - - - - - RowzShards:create_shard ShardInfo(class_name:com.twitter.rowz.SqlShard,_table_prefix:data_b0,_hostname:localhost,_source_type:,_destination_type:,_busy:0,_shard_id:0)
INF [20100405-20:01:47.496] w3c: 3 - - - - - - - RowzShards:create_shard ShardInfo(class_name:com.twitter.gizzard.shards.ReplicatingShard,_table_prefix:replicating_0,_hostname:localhost,_source_type:,_destination_type:,_busy:0,_shard_id:0)
INF [20100405-20:01:47.500] w3c: 3 - - - - - - - RowzShards:add_child_shard 3,1,1
INF [20100405-20:01:47.503] w3c: 2 - - - - - - - RowzShards:add_child_shard 3,2,1
INF [20100405-20:02:05.052] w3c: 65 - - - - - - - RowzShards:rebuild_schema 
INF [20100405-20:02:05.058] w3c: 5 - - - - - - - RowzShards:create_shard ShardInfo(class_name:com.twitter.rowz.SqlShard,_table_prefix:data_a0,_hostname:localhost,_source_type:,_destination_type:,_busy:0,_shard_id:0)
INF [20100405-20:02:05.075] w3c: 15 - - - - - - - RowzShards:create_shard ShardInfo(class_name:com.twitter.rowz.SqlShard,_table_prefix:data_b0,_hostname:localhost,_source_type:,_destination_type:,_busy:0,_shard_id:0)
INF [20100405-20:02:05.078] w3c: 2 - - - - - - - RowzShards:create_shard ShardInfo(class_name:com.twitter.gizzard.shards.ReplicatingShard,_table_prefix:replicating_0,_hostname:localhost,_source_type:,_destination_type:,_busy:0,_shard_id:0)
INF [20100405-20:02:05.083] w3c: 4 - - - - - - - RowzShards:add_child_shard 3,1,1
INF [20100405-20:02:05.085] w3c: 1 - - - - - - - RowzShards:add_child_shard 3,2,1
INF [20100405-20:02:36.243] w3c: 46 - - - - - - - RowzShards:rebuild_schema 
INF [20100405-20:02:36.257] w3c: 12 - - - - - - - RowzShards:create_shard ShardInfo(class_name:com.twitter.rowz.SqlShard,_table_prefix:data_a0,_hostname:localhost,_source_type:,_destination_type:,_busy:0,_shard_id:0)
INF [20100405-20:02:36.261] w3c: 3 - - - - - - - RowzShards:create_shard ShardInfo(class_name:com.twitter.rowz.SqlShard,_table_prefix:data_b0,_hostname:localhost,_source_type:,_destination_type:,_busy:0,_shard_id:0)
INF [20100405-20:02:36.266] w3c: 2 - - - - - - - RowzShards:create_shard ShardInfo(class_name:com.twitter.gizzard.shards.ReplicatingShard,_table_prefix:replicating_0,_hostname:localhost,_source_type:,_destination_type:,_busy:0,_shard_id:0)
INF [20100405-20:02:36.278] w3c: 3 - - - - - - - RowzShards:add_child_shard 3,1,1
INF [20100405-20:02:36.281] w3c: 2 - - - - - - - RowzShards:add_child_shard 3,2,1
INF [20100405-20:04:34.495] w3c: 49 - - - - - - - RowzShards:rebuild_schema 
INF [20100405-20:04:34.501] w3c: 5 - - - - - - - RowzShards:create_shard ShardInfo(class_name:com.twitter.rowz.SqlShard,_table_prefix:data_a0,_hostname:localhost,_source_type:,_destination_type:,_busy:0,_shard_id:0)
INF [20100405-20:04:34.508] w3c: 4 - - - - - - - RowzShards:create_shard ShardInfo(class_name:com.twitter.rowz.SqlShard,_table_prefix:data_b0,_hostname:localhost,_source_type:,_destination_type:,_busy:0,_shard_id:0)
INF [20100405-20:04:34.517] w3c: 6 - - - - - - - RowzShards:create_shard ShardInfo(class_name:com.twitter.gizzard.shards.ReplicatingShard,_table_prefix:replicating_0,_hostname:localhost,_source_type:,_destination_type:,_busy:0,_shard_id:0)
INF [20100405-20:04:34.526] w3c: 7 - - - - - - - RowzShards:add_child_shard 3,1,1
INF [20100405-20:04:34.528] w3c: 1 - - - - - - - RowzShards:add_child_shard 3,2,1
INF [20100405-20:04:34.549] w3c: 3 - - - - - - - RowzShards:set_forwarding Forwarding(table_id:0,_base_id:0,_shard_id:3)
INF [20100405-20:04:34.557] w3c: 6 - - - - - - - RowzShards:create_shard ShardInfo(class_name:com.twitter.rowz.SqlShard,_table_prefix:data_a1,_hostname:localhost,_source_type:,_destination_type:,_busy:0,_shard_id:0)
INF [20100405-20:04:34.576] w3c: 17 - - - - - - - RowzShards:create_shard ShardInfo(class_name:com.twitter.rowz.SqlShard,_table_prefix:data_b1,_hostname:localhost,_source_type:,_destination_type:,_busy:0,_shard_id:0)
INF [20100405-20:04:34.580] w3c: 2 - - - - - - - RowzShards:create_shard ShardInfo(class_name:com.twitter.gizzard.shards.ReplicatingShard,_table_prefix:replicating_1,_hostname:localhost,_source_type:,_destination_type:,_busy:0,_shard_id:0)
INF [20100405-20:04:34.585] w3c: 3 - - - - - - - RowzShards:add_child_shard 6,4,1
INF [20100405-20:04:34.586] w3c: 1 - - - - - - - RowzShards:add_child_shard 6,5,1
INF [20100405-20:04:34.589] w3c: 2 - - - - - - - RowzShards:set_forwarding Forwarding(table_id:0,_base_id:1844674407370955161,_shard_id:6)
INF [20100405-20:04:34.595] w3c: 5 - - - - - - - RowzShards:create_shard ShardInfo(class_name:com.twitter.rowz.SqlShard,_table_prefix:data_a2,_hostname:localhost,_source_type:,_destination_type:,_busy:0,_shard_id:0)
INF [20100405-20:04:34.618] w3c: 21 - - - - - - - RowzShards:create_shard ShardInfo(class_name:com.twitter.rowz.SqlShard,_table_prefix:data_b2,_hostname:localhost,_source_type:,_destination_type:,_busy:0,_shard_id:0)
INF [20100405-20:04:34.622] w3c: 2 - - - - - - - RowzShards:create_shard ShardInfo(class_name:com.twitter.gizzard.shards.ReplicatingShard,_table_prefix:replicating_2,_hostname:localhost,_source_type:,_destination_type:,_busy:0,_shard_id:0)
INF [20100405-20:04:34.624] w3c: 2 - - - - - - - RowzShards:add_child_shard 9,7,1
INF [20100405-20:04:34.626] w3c: 1 - - - - - - - RowzShards:add_child_shard 9,8,1
INF [20100405-20:04:34.630] w3c: 2 - - - - - - - RowzShards:set_forwarding Forwarding(table_id:0,_base_id:3689348814741910322,_shard_id:9)
INF [20100405-20:04:34.643] w3c: 12 - - - - - - - RowzShards:create_shard ShardInfo(class_name:com.twitter.rowz.SqlShard,_table_prefix:data_a3,_hostname:localhost,_source_type:,_destination_type:,_busy:0,_shard_id:0)
INF [20100405-20:04:34.651] w3c: 7 - - - - - - - RowzShards:create_shard ShardInfo(class_name:com.twitter.rowz.SqlShard,_table_prefix:data_b3,_hostname:localhost,_source_type:,_destination_type:,_busy:0,_shard_id:0)
INF [20100405-20:04:34.655] w3c: 2 - - - - - - - RowzShards:create_shard ShardInfo(class_name:com.twitter.gizzard.shards.ReplicatingShard,_table_prefix:replicating_3,_hostname:localhost,_source_type:,_destination_type:,_busy:0,_shard_id:0)
INF [20100405-20:04:34.660] w3c: 4 - - - - - - - RowzShards:add_child_shard 12,10,1
INF [20100405-20:04:34.662] w3c: 1 - - - - - - - RowzShards:add_child_shard 12,11,1
INF [20100405-20:04:34.664] w3c: 1 - - - - - - - RowzShards:set_forwarding Forwarding(table_id:0,_base_id:5534023222112865483,_shard_id:12)
INF [20100405-20:04:34.710] w3c: 45 - - - - - - - RowzShards:create_shard ShardInfo(class_name:com.twitter.rowz.SqlShard,_table_prefix:data_a4,_hostname:localhost,_source_type:,_destination_type:,_busy:0,_shard_id:0)
INF [20100405-20:04:34.760] w3c: 49 - - - - - - - RowzShards:create_shard ShardInfo(class_name:com.twitter.rowz.SqlShard,_table_prefix:data_b4,_hostname:localhost,_source_type:,_destination_type:,_busy:0,_shard_id:0)
INF [20100405-20:04:34.776] w3c: 15 - - - - - - - RowzShards:create_shard ShardInfo(class_name:com.twitter.gizzard.shards.ReplicatingShard,_table_prefix:replicating_4,_hostname:localhost,_source_type:,_destination_type:,_busy:0,_shard_id:0)
INF [20100405-20:04:34.779] w3c: 1 - - - - - - - RowzShards:add_child_shard 15,13,1
INF [20100405-20:04:34.781] w3c: 2 - - - - - - - RowzShards:add_child_shard 15,14,1
INF [20100405-20:04:34.783] w3c: 1 - - - - - - - RowzShards:set_forwarding Forwarding(table_id:0,_base_id:7378697629483820644,_shard_id:15)
INF [20100405-20:04:34.794] w3c: 10 - - - - - - - RowzShards:create_shard ShardInfo(class_name:com.twitter.rowz.SqlShard,_table_prefix:data_a5,_hostname:localhost,_source_type:,_destination_type:,_busy:0,_shard_id:0)
INF [20100405-20:04:34.804] w3c: 8 - - - - - - - RowzShards:create_shard ShardInfo(class_name:com.twitter.rowz.SqlShard,_table_prefix:data_b5,_hostname:localhost,_source_type:,_destination_type:,_busy:0,_shard_id:0)
INF [20100405-20:04:34.807] w3c: 2 - - - - - - - RowzShards:create_shard ShardInfo(class_name:com.twitter.gizzard.shards.ReplicatingShard,_table_prefix:replicating_5,_hostname:localhost,_source_type:,_destination_type:,_busy:0,_shard_id:0)
INF [20100405-20:04:34.809] w3c: 1 - - - - - - - RowzShards:add_child_shard 18,16,1
INF [20100405-20:04:34.811] w3c: 1 - - - - - - - RowzShards:add_child_shard 18,17,1
INF [20100405-20:04:34.814] w3c: 2 - - - - - - - RowzShards:set_forwarding Forwarding(table_id:0,_base_id:9223372036854775805,_shard_id:18)
INF [20100405-20:04:34.819] w3c: 4 - - - - - - - RowzShards:create_shard ShardInfo(class_name:com.twitter.rowz.SqlShard,_table_prefix:data_a6,_hostname:localhost,_source_type:,_destination_type:,_busy:0,_shard_id:0)
INF [20100405-20:04:34.852] w3c: 32 - - - - - - - RowzShards:create_shard ShardInfo(class_name:com.twitter.rowz.SqlShard,_table_prefix:data_b6,_hostname:localhost,_source_type:,_destination_type:,_busy:0,_shard_id:0)
INF [20100405-20:04:34.855] w3c: 2 - - - - - - - RowzShards:create_shard ShardInfo(class_name:com.twitter.gizzard.shards.ReplicatingShard,_table_prefix:replicating_6,_hostname:localhost,_source_type:,_destination_type:,_busy:0,_shard_id:0)
INF [20100405-20:04:34.859] w3c: 3 - - - - - - - RowzShards:add_child_shard 21,19,1
INF [20100405-20:04:34.863] w3c: 1 - - - - - - - RowzShards:add_child_shard 21,20,1
INF [20100405-20:04:34.868] w3c: 3 - - - - - - - RowzShards:set_forwarding Forwarding(table_id:0,_base_id:-7378697629483820650,_shard_id:21)
INF [20100405-20:04:34.878] w3c: 9 - - - - - - - RowzShards:create_shard ShardInfo(class_name:com.twitter.rowz.SqlShard,_table_prefix:data_a7,_hostname:localhost,_source_type:,_destination_type:,_busy:0,_shard_id:0)
INF [20100405-20:04:34.892] w3c: 12 - - - - - - - RowzShards:create_shard ShardInfo(class_name:com.twitter.rowz.SqlShard,_table_prefix:data_b7,_hostname:localhost,_source_type:,_destination_type:,_busy:0,_shard_id:0)
INF [20100405-20:04:34.897] w3c: 3 - - - - - - - RowzShards:create_shard ShardInfo(class_name:com.twitter.gizzard.shards.ReplicatingShard,_table_prefix:replicating_7,_hostname:localhost,_source_type:,_destination_type:,_busy:0,_shard_id:0)
INF [20100405-20:04:34.900] w3c: 2 - - - - - - - RowzShards:add_child_shard 24,22,1
INF [20100405-20:04:34.909] w3c: 8 - - - - - - - RowzShards:add_child_shard 24,23,1
INF [20100405-20:04:34.913] w3c: 3 - - - - - - - RowzShards:set_forwarding Forwarding(table_id:0,_base_id:-5534023222112865489,_shard_id:24)
INF [20100405-20:04:34.922] w3c: 7 - - - - - - - RowzShards:create_shard ShardInfo(class_name:com.twitter.rowz.SqlShard,_table_prefix:data_a8,_hostname:localhost,_source_type:,_destination_type:,_busy:0,_shard_id:0)
INF [20100405-20:04:34.943] w3c: 19 - - - - - - - RowzShards:create_shard ShardInfo(class_name:com.twitter.rowz.SqlShard,_table_prefix:data_b8,_hostname:localhost,_source_type:,_destination_type:,_busy:0,_shard_id:0)
INF [20100405-20:04:34.947] w3c: 2 - - - - - - - RowzShards:create_shard ShardInfo(class_name:com.twitter.gizzard.shards.ReplicatingShard,_table_prefix:replicating_8,_hostname:localhost,_source_type:,_destination_type:,_busy:0,_shard_id:0)
INF [20100405-20:04:34.952] w3c: 3 - - - - - - - RowzShards:add_child_shard 27,25,1
INF [20100405-20:04:34.968] w3c: 15 - - - - - - - RowzShards:add_child_shard 27,26,1
INF [20100405-20:04:34.971] w3c: 2 - - - - - - - RowzShards:set_forwarding Forwarding(table_id:0,_base_id:-3689348814741910328,_shard_id:27)
INF [20100405-20:04:34.977] w3c: 4 - - - - - - - RowzShards:create_shard ShardInfo(class_name:com.twitter.rowz.SqlShard,_table_prefix:data_a9,_hostname:localhost,_source_type:,_destination_type:,_busy:0,_shard_id:0)
INF [20100405-20:04:34.994] w3c: 16 - - - - - - - RowzShards:create_shard ShardInfo(class_name:com.twitter.rowz.SqlShard,_table_prefix:data_b9,_hostname:localhost,_source_type:,_destination_type:,_busy:0,_shard_id:0)
INF [20100405-20:04:35.000] w3c: 4 - - - - - - - RowzShards:create_shard ShardInfo(class_name:com.twitter.gizzard.shards.ReplicatingShard,_table_prefix:replicating_9,_hostname:localhost,_source_type:,_destination_type:,_busy:0,_shard_id:0)
INF [20100405-20:04:35.003] w3c: 1 - - - - - - - RowzShards:add_child_shard 30,28,1
INF [20100405-20:04:35.026] w3c: 21 - - - - - - - RowzShards:add_child_shard 30,29,1
INF [20100405-20:04:35.030] w3c: 2 - - - - - - - RowzShards:set_forwarding Forwarding(table_id:0,_base_id:-1844674407370955167,_shard_id:30)
INF [20100405-20:04:55.028] w3c: 48 - - - - - - - RowzShards:rebuild_schema 
INF [20100405-20:04:55.035] w3c: 3 - - - - - - - RowzShards:create_shard ShardInfo(class_name:com.twitter.rowz.SqlShard,_table_prefix:data_a0,_hostname:localhost,_source_type:,_destination_type:,_busy:0,_shard_id:0)
INF [20100405-20:04:55.040] w3c: 3 - - - - - - - RowzShards:create_shard ShardInfo(class_name:com.twitter.rowz.SqlShard,_table_prefix:data_b0,_hostname:localhost,_source_type:,_destination_type:,_busy:0,_shard_id:0)
INF [20100405-20:04:55.046] w3c: 4 - - - - - - - RowzShards:create_shard ShardInfo(class_name:com.twitter.gizzard.shards.ReplicatingShard,_table_prefix:replicating_0,_hostname:localhost,_source_type:,_destination_type:,_busy:0,_shard_id:0)
INF [20100405-20:04:55.054] w3c: 5 - - - - - - - RowzShards:add_child_shard 3,1,1
INF [20100405-20:04:55.059] w3c: 1 - - - - - - - RowzShards:add_child_shard 3,2,1
INF [20100405-20:04:55.061] w3c: 1 - - - - - - - RowzShards:set_forwarding Forwarding(table_id:0,_base_id:0,_shard_id:3)
INF [20100405-20:04:55.067] w3c: 5 - - - - - - - RowzShards:create_shard ShardInfo(class_name:com.twitter.rowz.SqlShard,_table_prefix:data_a1,_hostname:localhost,_source_type:,_destination_type:,_busy:0,_shard_id:0)
INF [20100405-20:04:55.071] w3c: 3 - - - - - - - RowzShards:create_shard ShardInfo(class_name:com.twitter.rowz.SqlShard,_table_prefix:data_b1,_hostname:localhost,_source_type:,_destination_type:,_busy:0,_shard_id:0)
INF [20100405-20:04:55.081] w3c: 3 - - - - - - - RowzShards:create_shard ShardInfo(class_name:com.twitter.gizzard.shards.ReplicatingShard,_table_prefix:replicating_1,_hostname:localhost,_source_type:,_destination_type:,_busy:0,_shard_id:0)
INF [20100405-20:04:55.083] w3c: 1 - - - - - - - RowzShards:add_child_shard 6,4,1
INF [20100405-20:04:55.085] w3c: 1 - - - - - - - RowzShards:add_child_shard 6,5,1
INF [20100405-20:04:55.092] w3c: 6 - - - - - - - RowzShards:set_forwarding Forwarding(table_id:0,_base_id:1844674407370955161,_shard_id:6)
INF [20100405-20:04:55.096] w3c: 3 - - - - - - - RowzShards:create_shard ShardInfo(class_name:com.twitter.rowz.SqlShard,_table_prefix:data_a2,_hostname:localhost,_source_type:,_destination_type:,_busy:0,_shard_id:0)
INF [20100405-20:04:55.100] w3c: 3 - - - - - - - RowzShards:create_shard ShardInfo(class_name:com.twitter.rowz.SqlShard,_table_prefix:data_b2,_hostname:localhost,_source_type:,_destination_type:,_busy:0,_shard_id:0)
INF [20100405-20:04:55.104] w3c: 2 - - - - - - - RowzShards:create_shard ShardInfo(class_name:com.twitter.gizzard.shards.ReplicatingShard,_table_prefix:replicating_2,_hostname:localhost,_source_type:,_destination_type:,_busy:0,_shard_id:0)
INF [20100405-20:04:55.109] w3c: 3 - - - - - - - RowzShards:add_child_shard 9,7,1
INF [20100405-20:04:55.111] w3c: 1 - - - - - - - RowzShards:add_child_shard 9,8,1
INF [20100405-20:04:55.123] w3c: 11 - - - - - - - RowzShards:set_forwarding Forwarding(table_id:0,_base_id:3689348814741910322,_shard_id:9)
INF [20100405-20:04:55.135] w3c: 10 - - - - - - - RowzShards:create_shard ShardInfo(class_name:com.twitter.rowz.SqlShard,_table_prefix:data_a3,_hostname:localhost,_source_type:,_destination_type:,_busy:0,_shard_id:0)
INF [20100405-20:04:55.142] w3c: 6 - - - - - - - RowzShards:create_shard ShardInfo(class_name:com.twitter.rowz.SqlShard,_table_prefix:data_b3,_hostname:localhost,_source_type:,_destination_type:,_busy:0,_shard_id:0)
INF [20100405-20:04:55.147] w3c: 3 - - - - - - - RowzShards:create_shard ShardInfo(class_name:com.twitter.gizzard.shards.ReplicatingShard,_table_prefix:replicating_3,_hostname:localhost,_source_type:,_destination_type:,_busy:0,_shard_id:0)
INF [20100405-20:04:55.149] w3c: 1 - - - - - - - RowzShards:add_child_shard 12,10,1
INF [20100405-20:04:55.151] w3c: 1 - - - - - - - RowzShards:add_child_shard 12,11,1
INF [20100405-20:04:55.159] w3c: 6 - - - - - - - RowzShards:set_forwarding Forwarding(table_id:0,_base_id:5534023222112865483,_shard_id:12)
INF [20100405-20:04:55.163] w3c: 3 - - - - - - - RowzShards:create_shard ShardInfo(class_name:com.twitter.rowz.SqlShard,_table_prefix:data_a4,_hostname:localhost,_source_type:,_destination_type:,_busy:0,_shard_id:0)
INF [20100405-20:04:55.170] w3c: 5 - - - - - - - RowzShards:create_shard ShardInfo(class_name:com.twitter.rowz.SqlShard,_table_prefix:data_b4,_hostname:localhost,_source_type:,_destination_type:,_busy:0,_shard_id:0)
INF [20100405-20:04:55.175] w3c: 4 - - - - - - - RowzShards:create_shard ShardInfo(class_name:com.twitter.gizzard.shards.ReplicatingShard,_table_prefix:replicating_4,_hostname:localhost,_source_type:,_destination_type:,_busy:0,_shard_id:0)
INF [20100405-20:04:55.177] w3c: 1 - - - - - - - RowzShards:add_child_shard 15,13,1
INF [20100405-20:04:55.179] w3c: 1 - - - - - - - RowzShards:add_child_shard 15,14,1
INF [20100405-20:04:55.183] w3c: 3 - - - - - - - RowzShards:set_forwarding Forwarding(table_id:0,_base_id:7378697629483820644,_shard_id:15)
INF [20100405-20:04:55.187] w3c: 2 - - - - - - - RowzShards:create_shard ShardInfo(class_name:com.twitter.rowz.SqlShard,_table_prefix:data_a5,_hostname:localhost,_source_type:,_destination_type:,_busy:0,_shard_id:0)
INF [20100405-20:04:55.192] w3c: 4 - - - - - - - RowzShards:create_shard ShardInfo(class_name:com.twitter.rowz.SqlShard,_table_prefix:data_b5,_hostname:localhost,_source_type:,_destination_type:,_busy:0,_shard_id:0)
INF [20100405-20:04:55.196] w3c: 2 - - - - - - - RowzShards:create_shard ShardInfo(class_name:com.twitter.gizzard.shards.ReplicatingShard,_table_prefix:replicating_5,_hostname:localhost,_source_type:,_destination_type:,_busy:0,_shard_id:0)
INF [20100405-20:04:55.200] w3c: 1 - - - - - - - RowzShards:add_child_shard 18,16,1
INF [20100405-20:04:55.203] w3c: 1 - - - - - - - RowzShards:add_child_shard 18,17,1
INF [20100405-20:04:55.208] w3c: 4 - - - - - - - RowzShards:set_forwarding Forwarding(table_id:0,_base_id:9223372036854775805,_shard_id:18)
INF [20100405-20:04:55.212] w3c: 3 - - - - - - - RowzShards:create_shard ShardInfo(class_name:com.twitter.rowz.SqlShard,_table_prefix:data_a6,_hostname:localhost,_source_type:,_destination_type:,_busy:0,_shard_id:0)
INF [20100405-20:04:55.217] w3c: 4 - - - - - - - RowzShards:create_shard ShardInfo(class_name:com.twitter.rowz.SqlShard,_table_prefix:data_b6,_hostname:localhost,_source_type:,_destination_type:,_busy:0,_shard_id:0)
INF [20100405-20:04:55.220] w3c: 2 - - - - - - - RowzShards:create_shard ShardInfo(class_name:com.twitter.gizzard.shards.ReplicatingShard,_table_prefix:replicating_6,_hostname:localhost,_source_type:,_destination_type:,_busy:0,_shard_id:0)
INF [20100405-20:04:55.225] w3c: 4 - - - - - - - RowzShards:add_child_shard 21,19,1
INF [20100405-20:04:55.227] w3c: 1 - - - - - - - RowzShards:add_child_shard 21,20,1
INF [20100405-20:04:55.229] w3c: 1 - - - - - - - RowzShards:set_forwarding Forwarding(table_id:0,_base_id:-7378697629483820650,_shard_id:21)
INF [20100405-20:04:55.234] w3c: 4 - - - - - - - RowzShards:create_shard ShardInfo(class_name:com.twitter.rowz.SqlShard,_table_prefix:data_a7,_hostname:localhost,_source_type:,_destination_type:,_busy:0,_shard_id:0)
INF [20100405-20:04:55.242] w3c: 6 - - - - - - - RowzShards:create_shard ShardInfo(class_name:com.twitter.rowz.SqlShard,_table_prefix:data_b7,_hostname:localhost,_source_type:,_destination_type:,_busy:0,_shard_id:0)
INF [20100405-20:04:55.245] w3c: 2 - - - - - - - RowzShards:create_shard ShardInfo(class_name:com.twitter.gizzard.shards.ReplicatingShard,_table_prefix:replicating_7,_hostname:localhost,_source_type:,_destination_type:,_busy:0,_shard_id:0)
INF [20100405-20:04:55.250] w3c: 4 - - - - - - - RowzShards:add_child_shard 24,22,1
INF [20100405-20:04:55.252] w3c: 1 - - - - - - - RowzShards:add_child_shard 24,23,1
INF [20100405-20:04:55.254] w3c: 1 - - - - - - - RowzShards:set_forwarding Forwarding(table_id:0,_base_id:-5534023222112865489,_shard_id:24)
INF [20100405-20:04:55.259] w3c: 3 - - - - - - - RowzShards:create_shard ShardInfo(class_name:com.twitter.rowz.SqlShard,_table_prefix:data_a8,_hostname:localhost,_source_type:,_destination_type:,_busy:0,_shard_id:0)
INF [20100405-20:04:55.262] w3c: 2 - - - - - - - RowzShards:create_shard ShardInfo(class_name:com.twitter.rowz.SqlShard,_table_prefix:data_b8,_hostname:localhost,_source_type:,_destination_type:,_busy:0,_shard_id:0)
INF [20100405-20:04:55.267] w3c: 4 - - - - - - - RowzShards:create_shard ShardInfo(class_name:com.twitter.gizzard.shards.ReplicatingShard,_table_prefix:replicating_8,_hostname:localhost,_source_type:,_destination_type:,_busy:0,_shard_id:0)
INF [20100405-20:04:55.269] w3c: 1 - - - - - - - RowzShards:add_child_shard 27,25,1
INF [20100405-20:04:55.270] w3c: 1 - - - - - - - RowzShards:add_child_shard 27,26,1
INF [20100405-20:04:55.275] w3c: 4 - - - - - - - RowzShards:set_forwarding Forwarding(table_id:0,_base_id:-3689348814741910328,_shard_id:27)
INF [20100405-20:04:55.284] w3c: 7 - - - - - - - RowzShards:create_shard ShardInfo(class_name:com.twitter.rowz.SqlShard,_table_prefix:data_a9,_hostname:localhost,_source_type:,_destination_type:,_busy:0,_shard_id:0)
INF [20100405-20:04:55.292] w3c: 7 - - - - - - - RowzShards:create_shard ShardInfo(class_name:com.twitter.rowz.SqlShard,_table_prefix:data_b9,_hostname:localhost,_source_type:,_destination_type:,_busy:0,_shard_id:0)
INF [20100405-20:04:55.295] w3c: 2 - - - - - - - RowzShards:create_shard ShardInfo(class_name:com.twitter.gizzard.shards.ReplicatingShard,_table_prefix:replicating_9,_hostname:localhost,_source_type:,_destination_type:,_busy:0,_shard_id:0)
INF [20100405-20:04:55.300] w3c: 4 - - - - - - - RowzShards:add_child_shard 30,28,1
INF [20100405-20:04:55.302] w3c: 1 - - - - - - - RowzShards:add_child_shard 30,29,1
INF [20100405-20:04:55.304] w3c: 1 - - - - - - - RowzShards:set_forwarding Forwarding(table_id:0,_base_id:-1844674407370955167,_shard_id:30)
INF [20100405-20:21:36.581] w3c: 45 - - - - - - - RowzShards:rebuild_schema 
INF [20100405-20:21:36.588] w3c: 5 - - - - - - - RowzShards:create_shard ShardInfo(class_name:com.twitter.rowz.SqlShard,_table_prefix:data_a0,_hostname:localhost,_source_type:,_destination_type:,_busy:0,_shard_id:0)
INF [20100405-20:21:36.594] w3c: 4 - - - - - - - RowzShards:create_shard ShardInfo(class_name:com.twitter.rowz.SqlShard,_table_prefix:data_b0,_hostname:localhost,_source_type:,_destination_type:,_busy:0,_shard_id:0)
INF [20100405-20:21:36.598] w3c: 2 - - - - - - - RowzShards:create_shard ShardInfo(class_name:com.twitter.gizzard.shards.ReplicatingShard,_table_prefix:replicating_0,_hostname:localhost,_source_type:,_destination_type:,_busy:0,_shard_id:0)
INF [20100405-20:21:36.603] w3c: 5 - - - - - - - RowzShards:add_child_shard 3,1,1
INF [20100405-20:21:36.605] w3c: 1 - - - - - - - RowzShards:add_child_shard 3,2,1
INF [20100405-20:21:36.607] w3c: 1 - - - - - - - RowzShards:set_forwarding Forwarding(table_id:0,_base_id:0,_shard_id:3)
INF [20100405-20:21:36.612] w3c: 4 - - - - - - - RowzShards:create_shard ShardInfo(class_name:com.twitter.rowz.SqlShard,_table_prefix:data_a1,_hostname:localhost,_source_type:,_destination_type:,_busy:0,_shard_id:0)
INF [20100405-20:21:36.615] w3c: 3 - - - - - - - RowzShards:create_shard ShardInfo(class_name:com.twitter.rowz.SqlShard,_table_prefix:data_b1,_hostname:localhost,_source_type:,_destination_type:,_busy:0,_shard_id:0)
INF [20100405-20:21:36.629] w3c: 13 - - - - - - - RowzShards:create_shard ShardInfo(class_name:com.twitter.gizzard.shards.ReplicatingShard,_table_prefix:replicating_1,_hostname:localhost,_source_type:,_destination_type:,_busy:0,_shard_id:0)
INF [20100405-20:21:36.630] w3c: 0 - - - - - - - RowzShards:add_child_shard 6,4,1
INF [20100405-20:21:36.632] w3c: 1 - - - - - - - RowzShards:add_child_shard 6,5,1
INF [20100405-20:21:36.637] w3c: 5 - - - - - - - RowzShards:set_forwarding Forwarding(table_id:0,_base_id:1844674407370955161,_shard_id:6)
INF [20100405-20:21:36.645] w3c: 6 - - - - - - - RowzShards:create_shard ShardInfo(class_name:com.twitter.rowz.SqlShard,_table_prefix:data_a2,_hostname:localhost,_source_type:,_destination_type:,_busy:0,_shard_id:0)
INF [20100405-20:21:36.649] w3c: 3 - - - - - - - RowzShards:create_shard ShardInfo(class_name:com.twitter.rowz.SqlShard,_table_prefix:data_b2,_hostname:localhost,_source_type:,_destination_type:,_busy:0,_shard_id:0)
INF [20100405-20:21:36.654] w3c: 3 - - - - - - - RowzShards:create_shard ShardInfo(class_name:com.twitter.gizzard.shards.ReplicatingShard,_table_prefix:replicating_2,_hostname:localhost,_source_type:,_destination_type:,_busy:0,_shard_id:0)
INF [20100405-20:21:36.655] w3c: 1 - - - - - - - RowzShards:add_child_shard 9,7,1
INF [20100405-20:21:36.656] w3c: 0 - - - - - - - RowzShards:add_child_shard 9,8,1
INF [20100405-20:21:36.662] w3c: 5 - - - - - - - RowzShards:set_forwarding Forwarding(table_id:0,_base_id:3689348814741910322,_shard_id:9)
INF [20100405-20:21:36.665] w3c: 2 - - - - - - - RowzShards:create_shard ShardInfo(class_name:com.twitter.rowz.SqlShard,_table_prefix:data_a3,_hostname:localhost,_source_type:,_destination_type:,_busy:0,_shard_id:0)
INF [20100405-20:21:36.670] w3c: 4 - - - - - - - RowzShards:create_shard ShardInfo(class_name:com.twitter.rowz.SqlShard,_table_prefix:data_b3,_hostname:localhost,_source_type:,_destination_type:,_busy:0,_shard_id:0)
INF [20100405-20:21:36.673] w3c: 2 - - - - - - - RowzShards:create_shard ShardInfo(class_name:com.twitter.gizzard.shards.ReplicatingShard,_table_prefix:replicating_3,_hostname:localhost,_source_type:,_destination_type:,_busy:0,_shard_id:0)
INF [20100405-20:21:36.674] w3c: 1 - - - - - - - RowzShards:add_child_shard 12,10,1
INF [20100405-20:21:36.678] w3c: 3 - - - - - - - RowzShards:add_child_shard 12,11,1
INF [20100405-20:21:36.680] w3c: 1 - - - - - - - RowzShards:set_forwarding Forwarding(table_id:0,_base_id:5534023222112865483,_shard_id:12)
INF [20100405-20:21:36.687] w3c: 6 - - - - - - - RowzShards:create_shard ShardInfo(class_name:com.twitter.rowz.SqlShard,_table_prefix:data_a4,_hostname:localhost,_source_type:,_destination_type:,_busy:0,_shard_id:0)
INF [20100405-20:21:36.691] w3c: 3 - - - - - - - RowzShards:create_shard ShardInfo(class_name:com.twitter.rowz.SqlShard,_table_prefix:data_b4,_hostname:localhost,_source_type:,_destination_type:,_busy:0,_shard_id:0)
INF [20100405-20:21:36.695] w3c: 3 - - - - - - - RowzShards:create_shard ShardInfo(class_name:com.twitter.gizzard.shards.ReplicatingShard,_table_prefix:replicating_4,_hostname:localhost,_source_type:,_destination_type:,_busy:0,_shard_id:0)
INF [20100405-20:21:36.697] w3c: 1 - - - - - - - RowzShards:add_child_shard 15,13,1
INF [20100405-20:21:36.698] w3c: 1 - - - - - - - RowzShards:add_child_shard 15,14,1
INF [20100405-20:21:36.700] w3c: 1 - - - - - - - RowzShards:set_forwarding Forwarding(table_id:0,_base_id:7378697629483820644,_shard_id:15)
INF [20100405-20:21:36.704] w3c: 3 - - - - - - - RowzShards:create_shard ShardInfo(class_name:com.twitter.rowz.SqlShard,_table_prefix:data_a5,_hostname:localhost,_source_type:,_destination_type:,_busy:0,_shard_id:0)
INF [20100405-20:21:36.707] w3c: 3 - - - - - - - RowzShards:create_shard ShardInfo(class_name:com.twitter.rowz.SqlShard,_table_prefix:data_b5,_hostname:localhost,_source_type:,_destination_type:,_busy:0,_shard_id:0)
INF [20100405-20:21:36.712] w3c: 5 - - - - - - - RowzShards:create_shard ShardInfo(class_name:com.twitter.gizzard.shards.ReplicatingShard,_table_prefix:replicating_5,_hostname:localhost,_source_type:,_destination_type:,_busy:0,_shard_id:0)
INF [20100405-20:21:36.714] w3c: 1 - - - - - - - RowzShards:add_child_shard 18,16,1
INF [20100405-20:21:36.720] w3c: 5 - - - - - - - RowzShards:add_child_shard 18,17,1
INF [20100405-20:21:36.722] w3c: 1 - - - - - - - RowzShards:set_forwarding Forwarding(table_id:0,_base_id:9223372036854775805,_shard_id:18)
INF [20100405-20:21:36.729] w3c: 5 - - - - - - - RowzShards:create_shard ShardInfo(class_name:com.twitter.rowz.SqlShard,_table_prefix:data_a6,_hostname:localhost,_source_type:,_destination_type:,_busy:0,_shard_id:0)
INF [20100405-20:21:36.732] w3c: 3 - - - - - - - RowzShards:create_shard ShardInfo(class_name:com.twitter.rowz.SqlShard,_table_prefix:data_b6,_hostname:localhost,_source_type:,_destination_type:,_busy:0,_shard_id:0)
INF [20100405-20:21:36.737] w3c: 4 - - - - - - - RowzShards:create_shard ShardInfo(class_name:com.twitter.gizzard.shards.ReplicatingShard,_table_prefix:replicating_6,_hostname:localhost,_source_type:,_destination_type:,_busy:0,_shard_id:0)
INF [20100405-20:21:36.738] w3c: 0 - - - - - - - RowzShards:add_child_shard 21,19,1
INF [20100405-20:21:36.740] w3c: 1 - - - - - - - RowzShards:add_child_shard 21,20,1
INF [20100405-20:21:36.746] w3c: 6 - - - - - - - RowzShards:set_forwarding Forwarding(table_id:0,_base_id:-7378697629483820650,_shard_id:21)
INF [20100405-20:21:36.754] w3c: 7 - - - - - - - RowzShards:create_shard ShardInfo(class_name:com.twitter.rowz.SqlShard,_table_prefix:data_a7,_hostname:localhost,_source_type:,_destination_type:,_busy:0,_shard_id:0)
INF [20100405-20:21:36.758] w3c: 3 - - - - - - - RowzShards:create_shard ShardInfo(class_name:com.twitter.rowz.SqlShard,_table_prefix:data_b7,_hostname:localhost,_source_type:,_destination_type:,_busy:0,_shard_id:0)
INF [20100405-20:21:36.762] w3c: 3 - - - - - - - RowzShards:create_shard ShardInfo(class_name:com.twitter.gizzard.shards.ReplicatingShard,_table_prefix:replicating_7,_hostname:localhost,_source_type:,_destination_type:,_busy:0,_shard_id:0)
INF [20100405-20:21:36.763] w3c: 0 - - - - - - - RowzShards:add_child_shard 24,22,1
INF [20100405-20:21:36.765] w3c: 1 - - - - - - - RowzShards:add_child_shard 24,23,1
INF [20100405-20:21:36.770] w3c: 5 - - - - - - - RowzShards:set_forwarding Forwarding(table_id:0,_base_id:-5534023222112865489,_shard_id:24)
INF [20100405-20:21:36.773] w3c: 2 - - - - - - - RowzShards:create_shard ShardInfo(class_name:com.twitter.rowz.SqlShard,_table_prefix:data_a8,_hostname:localhost,_source_type:,_destination_type:,_busy:0,_shard_id:0)
INF [20100405-20:21:36.779] w3c: 4 - - - - - - - RowzShards:create_shard ShardInfo(class_name:com.twitter.rowz.SqlShard,_table_prefix:data_b8,_hostname:localhost,_source_type:,_destination_type:,_busy:0,_shard_id:0)
INF [20100405-20:21:36.781] w3c: 2 - - - - - - - RowzShards:create_shard ShardInfo(class_name:com.twitter.gizzard.shards.ReplicatingShard,_table_prefix:replicating_8,_hostname:localhost,_source_type:,_destination_type:,_busy:0,_shard_id:0)
INF [20100405-20:21:36.783] w3c: 1 - - - - - - - RowzShards:add_child_shard 27,25,1
INF [20100405-20:21:36.787] w3c: 4 - - - - - - - RowzShards:add_child_shard 27,26,1
INF [20100405-20:21:36.789] w3c: 1 - - - - - - - RowzShards:set_forwarding Forwarding(table_id:0,_base_id:-3689348814741910328,_shard_id:27)
INF [20100405-20:21:36.795] w3c: 5 - - - - - - - RowzShards:create_shard ShardInfo(class_name:com.twitter.rowz.SqlShard,_table_prefix:data_a9,_hostname:localhost,_source_type:,_destination_type:,_busy:0,_shard_id:0)
INF [20100405-20:21:36.799] w3c: 3 - - - - - - - RowzShards:create_shard ShardInfo(class_name:com.twitter.rowz.SqlShard,_table_prefix:data_b9,_hostname:localhost,_source_type:,_destination_type:,_busy:0,_shard_id:0)
INF [20100405-20:21:36.804] w3c: 4 - - - - - - - RowzShards:create_shard ShardInfo(class_name:com.twitter.gizzard.shards.ReplicatingShard,_table_prefix:replicating_9,_hostname:localhost,_source_type:,_destination_type:,_busy:0,_shard_id:0)
INF [20100405-20:21:36.805] w3c: 1 - - - - - - - RowzShards:add_child_shard 30,28,1
INF [20100405-20:21:36.807] w3c: 0 - - - - - - - RowzShards:add_child_shard 30,29,1
INF [20100405-20:21:36.812] w3c: 5 - - - - - - - RowzShards:set_forwarding Forwarding(table_id:0,_base_id:-1844674407370955167,_shard_id:30)
INF [20100405-20:22:06.478] w3c: 70 - - - - - - - RowzShards:rebuild_schema 
INF [20100405-20:22:06.486] w3c: 6 - - - - - - - RowzShards:create_shard ShardInfo(class_name:com.twitter.rowz.SqlShard,_table_prefix:data_a0,_hostname:localhost,_source_type:,_destination_type:,_busy:0,_shard_id:0)
INF [20100405-20:22:06.489] w3c: 2 - - - - - - - RowzShards:create_shard ShardInfo(class_name:com.twitter.rowz.SqlShard,_table_prefix:data_b0,_hostname:localhost,_source_type:,_destination_type:,_busy:0,_shard_id:0)
INF [20100405-20:22:06.494] w3c: 4 - - - - - - - RowzShards:create_shard ShardInfo(class_name:com.twitter.gizzard.shards.ReplicatingShard,_table_prefix:replicating_0,_hostname:localhost,_source_type:,_destination_type:,_busy:0,_shard_id:0)
INF [20100405-20:22:06.496] w3c: 1 - - - - - - - RowzShards:add_child_shard 3,1,1
INF [20100405-20:22:06.497] w3c: 1 - - - - - - - RowzShards:add_child_shard 3,2,1
INF [20100405-20:22:06.499] w3c: 1 - - - - - - - RowzShards:set_forwarding Forwarding(table_id:0,_base_id:0,_shard_id:3)
INF [20100405-20:22:06.503] w3c: 3 - - - - - - - RowzShards:create_shard ShardInfo(class_name:com.twitter.rowz.SqlShard,_table_prefix:data_a1,_hostname:localhost,_source_type:,_destination_type:,_busy:0,_shard_id:0)
INF [20100405-20:22:06.510] w3c: 7 - - - - - - - RowzShards:create_shard ShardInfo(class_name:com.twitter.rowz.SqlShard,_table_prefix:data_b1,_hostname:localhost,_source_type:,_destination_type:,_busy:0,_shard_id:0)
INF [20100405-20:22:06.513] w3c: 2 - - - - - - - RowzShards:create_shard ShardInfo(class_name:com.twitter.gizzard.shards.ReplicatingShard,_table_prefix:replicating_1,_hostname:localhost,_source_type:,_destination_type:,_busy:0,_shard_id:0)
INF [20100405-20:22:06.514] w3c: 1 - - - - - - - RowzShards:add_child_shard 6,4,1
INF [20100405-20:22:06.519] w3c: 4 - - - - - - - RowzShards:add_child_shard 6,5,1
INF [20100405-20:22:06.521] w3c: 2 - - - - - - - RowzShards:set_forwarding Forwarding(table_id:0,_base_id:1844674407370955161,_shard_id:6)
INF [20100405-20:22:06.527] w3c: 5 - - - - - - - RowzShards:create_shard ShardInfo(class_name:com.twitter.rowz.SqlShard,_table_prefix:data_a2,_hostname:localhost,_source_type:,_destination_type:,_busy:0,_shard_id:0)
INF [20100405-20:22:06.531] w3c: 3 - - - - - - - RowzShards:create_shard ShardInfo(class_name:com.twitter.rowz.SqlShard,_table_prefix:data_b2,_hostname:localhost,_source_type:,_destination_type:,_busy:0,_shard_id:0)
INF [20100405-20:22:06.535] w3c: 4 - - - - - - - RowzShards:create_shard ShardInfo(class_name:com.twitter.gizzard.shards.ReplicatingShard,_table_prefix:replicating_2,_hostname:localhost,_source_type:,_destination_type:,_busy:0,_shard_id:0)
INF [20100405-20:22:06.537] w3c: 1 - - - - - - - RowzShards:add_child_shard 9,7,1
INF [20100405-20:22:06.538] w3c: 1 - - - - - - - RowzShards:add_child_shard 9,8,1
INF [20100405-20:22:06.540] w3c: 1 - - - - - - - RowzShards:set_forwarding Forwarding(table_id:0,_base_id:3689348814741910322,_shard_id:9)
INF [20100405-20:22:06.543] w3c: 2 - - - - - - - RowzShards:create_shard ShardInfo(class_name:com.twitter.rowz.SqlShard,_table_prefix:data_a3,_hostname:localhost,_source_type:,_destination_type:,_busy:0,_shard_id:0)
INF [20100405-20:22:06.552] w3c: 8 - - - - - - - RowzShards:create_shard ShardInfo(class_name:com.twitter.rowz.SqlShard,_table_prefix:data_b3,_hostname:localhost,_source_type:,_destination_type:,_busy:0,_shard_id:0)
INF [20100405-20:22:06.561] w3c: 7 - - - - - - - RowzShards:create_shard ShardInfo(class_name:com.twitter.gizzard.shards.ReplicatingShard,_table_prefix:replicating_3,_hostname:localhost,_source_type:,_destination_type:,_busy:0,_shard_id:0)
INF [20100405-20:22:06.562] w3c: 1 - - - - - - - RowzShards:add_child_shard 12,10,1
INF [20100405-20:22:06.563] w3c: 1 - - - - - - - RowzShards:add_child_shard 12,11,1
INF [20100405-20:22:06.565] w3c: 1 - - - - - - - RowzShards:set_forwarding Forwarding(table_id:0,_base_id:5534023222112865483,_shard_id:12)
INF [20100405-20:22:06.577] w3c: 11 - - - - - - - RowzShards:create_shard ShardInfo(class_name:com.twitter.rowz.SqlShard,_table_prefix:data_a4,_hostname:localhost,_source_type:,_destination_type:,_busy:0,_shard_id:0)
INF [20100405-20:22:06.581] w3c: 2 - - - - - - - RowzShards:create_shard ShardInfo(class_name:com.twitter.rowz.SqlShard,_table_prefix:data_b4,_hostname:localhost,_source_type:,_destination_type:,_busy:0,_shard_id:0)
INF [20100405-20:22:06.586] w3c: 4 - - - - - - - RowzShards:create_shard ShardInfo(class_name:com.twitter.gizzard.shards.ReplicatingShard,_table_prefix:replicating_4,_hostname:localhost,_source_type:,_destination_type:,_busy:0,_shard_id:0)
INF [20100405-20:22:06.587] w3c: 1 - - - - - - - RowzShards:add_child_shard 15,13,1
INF [20100405-20:22:06.589] w3c: 0 - - - - - - - RowzShards:add_child_shard 15,14,1
INF [20100405-20:22:06.594] w3c: 5 - - - - - - - RowzShards:set_forwarding Forwarding(table_id:0,_base_id:7378697629483820644,_shard_id:15)
INF [20100405-20:22:06.597] w3c: 2 - - - - - - - RowzShards:create_shard ShardInfo(class_name:com.twitter.rowz.SqlShard,_table_prefix:data_a5,_hostname:localhost,_source_type:,_destination_type:,_busy:0,_shard_id:0)
INF [20100405-20:22:06.602] w3c: 4 - - - - - - - RowzShards:create_shard ShardInfo(class_name:com.twitter.rowz.SqlShard,_table_prefix:data_b5,_hostname:localhost,_source_type:,_destination_type:,_busy:0,_shard_id:0)
INF [20100405-20:22:06.605] w3c: 2 - - - - - - - RowzShards:create_shard ShardInfo(class_name:com.twitter.gizzard.shards.ReplicatingShard,_table_prefix:replicating_5,_hostname:localhost,_source_type:,_destination_type:,_busy:0,_shard_id:0)
INF [20100405-20:22:06.606] w3c: 1 - - - - - - - RowzShards:add_child_shard 18,16,1
INF [20100405-20:22:06.611] w3c: 3 - - - - - - - RowzShards:add_child_shard 18,17,1
INF [20100405-20:22:06.613] w3c: 1 - - - - - - - RowzShards:set_forwarding Forwarding(table_id:0,_base_id:9223372036854775805,_shard_id:18)
INF [20100405-20:22:06.619] w3c: 6 - - - - - - - RowzShards:create_shard ShardInfo(class_name:com.twitter.rowz.SqlShard,_table_prefix:data_a6,_hostname:localhost,_source_type:,_destination_type:,_busy:0,_shard_id:0)
INF [20100405-20:22:06.622] w3c: 2 - - - - - - - RowzShards:create_shard ShardInfo(class_name:com.twitter.rowz.SqlShard,_table_prefix:data_b6,_hostname:localhost,_source_type:,_destination_type:,_busy:0,_shard_id:0)
INF [20100405-20:22:06.627] w3c: 4 - - - - - - - RowzShards:create_shard ShardInfo(class_name:com.twitter.gizzard.shards.ReplicatingShard,_table_prefix:replicating_6,_hostname:localhost,_source_type:,_destination_type:,_busy:0,_shard_id:0)
INF [20100405-20:22:06.629] w3c: 1 - - - - - - - RowzShards:add_child_shard 21,19,1
INF [20100405-20:22:06.630] w3c: 1 - - - - - - - RowzShards:add_child_shard 21,20,1
INF [20100405-20:22:06.632] w3c: 1 - - - - - - - RowzShards:set_forwarding Forwarding(table_id:0,_base_id:-7378697629483820650,_shard_id:21)
INF [20100405-20:22:06.636] w3c: 3 - - - - - - - RowzShards:create_shard ShardInfo(class_name:com.twitter.rowz.SqlShard,_table_prefix:data_a7,_hostname:localhost,_source_type:,_destination_type:,_busy:0,_shard_id:0)
INF [20100405-20:22:06.639] w3c: 3 - - - - - - - RowzShards:create_shard ShardInfo(class_name:com.twitter.rowz.SqlShard,_table_prefix:data_b7,_hostname:localhost,_source_type:,_destination_type:,_busy:0,_shard_id:0)
INF [20100405-20:22:06.644] w3c: 5 - - - - - - - RowzShards:create_shard ShardInfo(class_name:com.twitter.gizzard.shards.ReplicatingShard,_table_prefix:replicating_7,_hostname:localhost,_source_type:,_destination_type:,_busy:0,_shard_id:0)
INF [20100405-20:22:06.652] w3c: 8 - - - - - - - RowzShards:add_child_shard 24,22,1
INF [20100405-20:22:06.653] w3c: 0 - - - - - - - RowzShards:add_child_shard 24,23,1
INF [20100405-20:22:06.655] w3c: 1 - - - - - - - RowzShards:set_forwarding Forwarding(table_id:0,_base_id:-5534023222112865489,_shard_id:24)
INF [20100405-20:22:06.661] w3c: 4 - - - - - - - RowzShards:create_shard ShardInfo(class_name:com.twitter.rowz.SqlShard,_table_prefix:data_a8,_hostname:localhost,_source_type:,_destination_type:,_busy:0,_shard_id:0)
INF [20100405-20:22:06.664] w3c: 3 - - - - - - - RowzShards:create_shard ShardInfo(class_name:com.twitter.rowz.SqlShard,_table_prefix:data_b8,_hostname:localhost,_source_type:,_destination_type:,_busy:0,_shard_id:0)
INF [20100405-20:22:06.669] w3c: 5 - - - - - - - RowzShards:create_shard ShardInfo(class_name:com.twitter.gizzard.shards.ReplicatingShard,_table_prefix:replicating_8,_hostname:localhost,_source_type:,_destination_type:,_busy:0,_shard_id:0)
INF [20100405-20:22:06.670] w3c: 0 - - - - - - - RowzShards:add_child_shard 27,25,1
INF [20100405-20:22:06.672] w3c: 1 - - - - - - - RowzShards:add_child_shard 27,26,1
INF [20100405-20:22:06.677] w3c: 4 - - - - - - - RowzShards:set_forwarding Forwarding(table_id:0,_base_id:-3689348814741910328,_shard_id:27)
INF [20100405-20:22:06.681] w3c: 3 - - - - - - - RowzShards:create_shard ShardInfo(class_name:com.twitter.rowz.SqlShard,_table_prefix:data_a9,_hostname:localhost,_source_type:,_destination_type:,_busy:0,_shard_id:0)
INF [20100405-20:22:06.688] w3c: 6 - - - - - - - RowzShards:create_shard ShardInfo(class_name:com.twitter.rowz.SqlShard,_table_prefix:data_b9,_hostname:localhost,_source_type:,_destination_type:,_busy:0,_shard_id:0)
INF [20100405-20:22:06.694] w3c: 4 - - - - - - - RowzShards:create_shard ShardInfo(class_name:com.twitter.gizzard.shards.ReplicatingShard,_table_prefix:replicating_9,_hostname:localhost,_source_type:,_destination_type:,_busy:0,_shard_id:0)
INF [20100405-20:22:06.696] w3c: 1 - - - - - - - RowzShards:add_child_shard 30,28,1
INF [20100405-20:22:06.697] w3c: 1 - - - - - - - RowzShards:add_child_shard 30,29,1
INF [20100405-20:22:06.702] w3c: 4 - - - - - - - RowzShards:set_forwarding Forwarding(table_id:0,_base_id:-1844674407370955167,_shard_id:30)
INF [20100405-20:22:06.732] w3c: 12 - - - - - - - RowzShards:reload_forwardings 
INF [20100405-20:22:06.776] w3c: 13 - - - 1 - - - Rowz:create row_0,1270524126
INF [20100405-20:22:13.479] w3c: 48 - - - - - - - RowzShards:rebuild_schema 
INF [20100405-20:22:13.487] w3c: 3 - - - - - - - RowzShards:create_shard ShardInfo(class_name:com.twitter.rowz.SqlShard,_table_prefix:data_a0,_hostname:localhost,_source_type:,_destination_type:,_busy:0,_shard_id:0)
INF [20100405-20:22:13.494] w3c: 5 - - - - - - - RowzShards:create_shard ShardInfo(class_name:com.twitter.rowz.SqlShard,_table_prefix:data_b0,_hostname:localhost,_source_type:,_destination_type:,_busy:0,_shard_id:0)
INF [20100405-20:22:13.502] w3c: 6 - - - - - - - RowzShards:create_shard ShardInfo(class_name:com.twitter.gizzard.shards.ReplicatingShard,_table_prefix:replicating_0,_hostname:localhost,_source_type:,_destination_type:,_busy:0,_shard_id:0)
INF [20100405-20:22:13.504] w3c: 1 - - - - - - - RowzShards:add_child_shard 3,1,1
INF [20100405-20:22:13.505] w3c: 1 - - - - - - - RowzShards:add_child_shard 3,2,1
INF [20100405-20:22:13.510] w3c: 4 - - - - - - - RowzShards:set_forwarding Forwarding(table_id:0,_base_id:0,_shard_id:3)
INF [20100405-20:22:13.520] w3c: 9 - - - - - - - RowzShards:create_shard ShardInfo(class_name:com.twitter.rowz.SqlShard,_table_prefix:data_a1,_hostname:localhost,_source_type:,_destination_type:,_busy:0,_shard_id:0)
INF [20100405-20:22:13.527] w3c: 5 - - - - - - - RowzShards:create_shard ShardInfo(class_name:com.twitter.rowz.SqlShard,_table_prefix:data_b1,_hostname:localhost,_source_type:,_destination_type:,_busy:0,_shard_id:0)
INF [20100405-20:22:13.530] w3c: 2 - - - - - - - RowzShards:create_shard ShardInfo(class_name:com.twitter.gizzard.shards.ReplicatingShard,_table_prefix:replicating_1,_hostname:localhost,_source_type:,_destination_type:,_busy:0,_shard_id:0)
INF [20100405-20:22:13.531] w3c: 1 - - - - - - - RowzShards:add_child_shard 6,4,1
INF [20100405-20:22:13.535] w3c: 3 - - - - - - - RowzShards:add_child_shard 6,5,1
INF [20100405-20:22:13.537] w3c: 1 - - - - - - - RowzShards:set_forwarding Forwarding(table_id:0,_base_id:1844674407370955161,_shard_id:6)
INF [20100405-20:22:13.544] w3c: 6 - - - - - - - RowzShards:create_shard ShardInfo(class_name:com.twitter.rowz.SqlShard,_table_prefix:data_a2,_hostname:localhost,_source_type:,_destination_type:,_busy:0,_shard_id:0)
INF [20100405-20:22:13.547] w3c: 3 - - - - - - - RowzShards:create_shard ShardInfo(class_name:com.twitter.rowz.SqlShard,_table_prefix:data_b2,_hostname:localhost,_source_type:,_destination_type:,_busy:0,_shard_id:0)
INF [20100405-20:22:13.552] w3c: 4 - - - - - - - RowzShards:create_shard ShardInfo(class_name:com.twitter.gizzard.shards.ReplicatingShard,_table_prefix:replicating_2,_hostname:localhost,_source_type:,_destination_type:,_busy:0,_shard_id:0)
INF [20100405-20:22:13.553] w3c: 0 - - - - - - - RowzShards:add_child_shard 9,7,1
INF [20100405-20:22:13.555] w3c: 1 - - - - - - - RowzShards:add_child_shard 9,8,1
INF [20100405-20:22:13.560] w3c: 4 - - - - - - - RowzShards:set_forwarding Forwarding(table_id:0,_base_id:3689348814741910322,_shard_id:9)
INF [20100405-20:22:13.564] w3c: 2 - - - - - - - RowzShards:create_shard ShardInfo(class_name:com.twitter.rowz.SqlShard,_table_prefix:data_a3,_hostname:localhost,_source_type:,_destination_type:,_busy:0,_shard_id:0)
INF [20100405-20:22:13.569] w3c: 4 - - - - - - - RowzShards:create_shard ShardInfo(class_name:com.twitter.rowz.SqlShard,_table_prefix:data_b3,_hostname:localhost,_source_type:,_destination_type:,_busy:0,_shard_id:0)
INF [20100405-20:22:13.571] w3c: 2 - - - - - - - RowzShards:create_shard ShardInfo(class_name:com.twitter.gizzard.shards.ReplicatingShard,_table_prefix:replicating_3,_hostname:localhost,_source_type:,_destination_type:,_busy:0,_shard_id:0)
INF [20100405-20:22:13.572] w3c: 0 - - - - - - - RowzShards:add_child_shard 12,10,1
INF [20100405-20:22:13.574] w3c: 1 - - - - - - - RowzShards:add_child_shard 12,11,1
INF [20100405-20:22:13.576] w3c: 2 - - - - - - - RowzShards:set_forwarding Forwarding(table_id:0,_base_id:5534023222112865483,_shard_id:12)
INF [20100405-20:22:13.579] w3c: 3 - - - - - - - RowzShards:create_shard ShardInfo(class_name:com.twitter.rowz.SqlShard,_table_prefix:data_a4,_hostname:localhost,_source_type:,_destination_type:,_busy:0,_shard_id:0)
INF [20100405-20:22:13.582] w3c: 2 - - - - - - - RowzShards:create_shard ShardInfo(class_name:com.twitter.rowz.SqlShard,_table_prefix:data_b4,_hostname:localhost,_source_type:,_destination_type:,_busy:0,_shard_id:0)
INF [20100405-20:22:13.585] w3c: 2 - - - - - - - RowzShards:create_shard ShardInfo(class_name:com.twitter.gizzard.shards.ReplicatingShard,_table_prefix:replicating_4,_hostname:localhost,_source_type:,_destination_type:,_busy:0,_shard_id:0)
INF [20100405-20:22:13.587] w3c: 1 - - - - - - - RowzShards:add_child_shard 15,13,1
INF [20100405-20:22:13.589] w3c: 1 - - - - - - - RowzShards:add_child_shard 15,14,1
INF [20100405-20:22:13.594] w3c: 5 - - - - - - - RowzShards:set_forwarding Forwarding(table_id:0,_base_id:7378697629483820644,_shard_id:15)
INF [20100405-20:22:13.597] w3c: 3 - - - - - - - RowzShards:create_shard ShardInfo(class_name:com.twitter.rowz.SqlShard,_table_prefix:data_a5,_hostname:localhost,_source_type:,_destination_type:,_busy:0,_shard_id:0)
INF [20100405-20:22:13.602] w3c: 4 - - - - - - - RowzShards:create_shard ShardInfo(class_name:com.twitter.rowz.SqlShard,_table_prefix:data_b5,_hostname:localhost,_source_type:,_destination_type:,_busy:0,_shard_id:0)
INF [20100405-20:22:13.604] w3c: 1 - - - - - - - RowzShards:create_shard ShardInfo(class_name:com.twitter.gizzard.shards.ReplicatingShard,_table_prefix:replicating_5,_hostname:localhost,_source_type:,_destination_type:,_busy:0,_shard_id:0)
INF [20100405-20:22:13.606] w3c: 1 - - - - - - - RowzShards:add_child_shard 18,16,1
INF [20100405-20:22:13.610] w3c: 3 - - - - - - - RowzShards:add_child_shard 18,17,1
INF [20100405-20:22:13.613] w3c: 2 - - - - - - - RowzShards:set_forwarding Forwarding(table_id:0,_base_id:9223372036854775805,_shard_id:18)
INF [20100405-20:22:13.619] w3c: 5 - - - - - - - RowzShards:create_shard ShardInfo(class_name:com.twitter.rowz.SqlShard,_table_prefix:data_a6,_hostname:localhost,_source_type:,_destination_type:,_busy:0,_shard_id:0)
INF [20100405-20:22:13.627] w3c: 7 - - - - - - - RowzShards:create_shard ShardInfo(class_name:com.twitter.rowz.SqlShard,_table_prefix:data_b6,_hostname:localhost,_source_type:,_destination_type:,_busy:0,_shard_id:0)
INF [20100405-20:22:13.630] w3c: 2 - - - - - - - RowzShards:create_shard ShardInfo(class_name:com.twitter.gizzard.shards.ReplicatingShard,_table_prefix:replicating_6,_hostname:localhost,_source_type:,_destination_type:,_busy:0,_shard_id:0)
INF [20100405-20:22:13.632] w3c: 0 - - - - - - - RowzShards:add_child_shard 21,19,1
INF [20100405-20:22:13.635] w3c: 3 - - - - - - - RowzShards:add_child_shard 21,20,1
INF [20100405-20:22:13.637] w3c: 1 - - - - - - - RowzShards:set_forwarding Forwarding(table_id:0,_base_id:-7378697629483820650,_shard_id:21)
INF [20100405-20:22:13.644] w3c: 6 - - - - - - - RowzShards:create_shard ShardInfo(class_name:com.twitter.rowz.SqlShard,_table_prefix:data_a7,_hostname:localhost,_source_type:,_destination_type:,_busy:0,_shard_id:0)
INF [20100405-20:22:13.652] w3c: 7 - - - - - - - RowzShards:create_shard ShardInfo(class_name:com.twitter.rowz.SqlShard,_table_prefix:data_b7,_hostname:localhost,_source_type:,_destination_type:,_busy:0,_shard_id:0)
INF [20100405-20:22:13.661] w3c: 7 - - - - - - - RowzShards:create_shard ShardInfo(class_name:com.twitter.gizzard.shards.ReplicatingShard,_table_prefix:replicating_7,_hostname:localhost,_source_type:,_destination_type:,_busy:0,_shard_id:0)
INF [20100405-20:22:13.662] w3c: 1 - - - - - - - RowzShards:add_child_shard 24,22,1
INF [20100405-20:22:13.664] w3c: 1 - - - - - - - RowzShards:add_child_shard 24,23,1
INF [20100405-20:22:13.669] w3c: 5 - - - - - - - RowzShards:set_forwarding Forwarding(table_id:0,_base_id:-5534023222112865489,_shard_id:24)
INF [20100405-20:22:13.673] w3c: 3 - - - - - - - RowzShards:create_shard ShardInfo(class_name:com.twitter.rowz.SqlShard,_table_prefix:data_a8,_hostname:localhost,_source_type:,_destination_type:,_busy:0,_shard_id:0)
INF [20100405-20:22:13.677] w3c: 3 - - - - - - - RowzShards:create_shard ShardInfo(class_name:com.twitter.rowz.SqlShard,_table_prefix:data_b8,_hostname:localhost,_source_type:,_destination_type:,_busy:0,_shard_id:0)
INF [20100405-20:22:13.680] w3c: 1 - - - - - - - RowzShards:create_shard ShardInfo(class_name:com.twitter.gizzard.shards.ReplicatingShard,_table_prefix:replicating_8,_hostname:localhost,_source_type:,_destination_type:,_busy:0,_shard_id:0)
INF [20100405-20:22:13.681] w3c: 1 - - - - - - - RowzShards:add_child_shard 27,25,1
INF [20100405-20:22:13.685] w3c: 3 - - - - - - - RowzShards:add_child_shard 27,26,1
INF [20100405-20:22:13.687] w3c: 1 - - - - - - - RowzShards:set_forwarding Forwarding(table_id:0,_base_id:-3689348814741910328,_shard_id:27)
INF [20100405-20:22:13.694] w3c: 6 - - - - - - - RowzShards:create_shard ShardInfo(class_name:com.twitter.rowz.SqlShard,_table_prefix:data_a9,_hostname:localhost,_source_type:,_destination_type:,_busy:0,_shard_id:0)
INF [20100405-20:22:13.697] w3c: 2 - - - - - - - RowzShards:create_shard ShardInfo(class_name:com.twitter.rowz.SqlShard,_table_prefix:data_b9,_hostname:localhost,_source_type:,_destination_type:,_busy:0,_shard_id:0)
INF [20100405-20:22:13.702] w3c: 4 - - - - - - - RowzShards:create_shard ShardInfo(class_name:com.twitter.gizzard.shards.ReplicatingShard,_table_prefix:replicating_9,_hostname:localhost,_source_type:,_destination_type:,_busy:0,_shard_id:0)
INF [20100405-20:22:13.704] w3c: 1 - - - - - - - RowzShards:add_child_shard 30,28,1
INF [20100405-20:22:13.706] w3c: 1 - - - - - - - RowzShards:add_child_shard 30,29,1
INF [20100405-20:22:13.710] w3c: 4 - - - - - - - RowzShards:set_forwarding Forwarding(table_id:0,_base_id:-1844674407370955167,_shard_id:30)
INF [20100405-20:22:13.721] w3c: 10 - - - - - - - RowzShards:reload_forwardings 
INF [20100405-20:22:13.725] w3c: 1 - - - 0 - - - Rowz:create row_0,1270524133
INF [20100405-20:22:13.832] w3c: - - - - - - - - Rowz:read 0
INF [20100405-20:28:24.757] w3c: 62 - - - - - - - RowzShards:rebuild_schema 
INF [20100405-20:28:24.766] w3c: 7 - - - - - - - RowzShards:create_shard ShardInfo(class_name:com.twitter.rowz.SqlShard,_table_prefix:data_a0,_hostname:localhost,_source_type:,_destination_type:,_busy:0,_shard_id:0)
INF [20100405-20:28:24.772] w3c: 3 - - - - - - - RowzShards:create_shard ShardInfo(class_name:com.twitter.rowz.SqlShard,_table_prefix:data_b0,_hostname:localhost,_source_type:,_destination_type:,_busy:0,_shard_id:0)
INF [20100405-20:28:24.774] w3c: 2 - - - - - - - RowzShards:create_shard ShardInfo(class_name:com.twitter.gizzard.shards.ReplicatingShard,_table_prefix:replicating_0,_hostname:localhost,_source_type:,_destination_type:,_busy:0,_shard_id:0)
INF [20100405-20:28:24.782] w3c: 7 - - - - - - - RowzShards:add_child_shard 3,1,1
INF [20100405-20:28:24.785] w3c: 1 - - - - - - - RowzShards:add_child_shard 3,2,1
INF [20100405-20:28:24.790] w3c: 4 - - - - - - - RowzShards:set_forwarding Forwarding(table_id:0,_base_id:0,_shard_id:3)
INF [20100405-20:28:24.794] w3c: 3 - - - - - - - RowzShards:create_shard ShardInfo(class_name:com.twitter.rowz.SqlShard,_table_prefix:data_a1,_hostname:localhost,_source_type:,_destination_type:,_busy:0,_shard_id:0)
INF [20100405-20:28:24.799] w3c: 5 - - - - - - - RowzShards:create_shard ShardInfo(class_name:com.twitter.rowz.SqlShard,_table_prefix:data_b1,_hostname:localhost,_source_type:,_destination_type:,_busy:0,_shard_id:0)
INF [20100405-20:28:24.801] w3c: 2 - - - - - - - RowzShards:create_shard ShardInfo(class_name:com.twitter.gizzard.shards.ReplicatingShard,_table_prefix:replicating_1,_hostname:localhost,_source_type:,_destination_type:,_busy:0,_shard_id:0)
INF [20100405-20:28:24.803] w3c: 1 - - - - - - - RowzShards:add_child_shard 6,4,1
INF [20100405-20:28:24.804] w3c: 1 - - - - - - - RowzShards:add_child_shard 6,5,1
INF [20100405-20:28:24.806] w3c: 2 - - - - - - - RowzShards:set_forwarding Forwarding(table_id:0,_base_id:1844674407370955161,_shard_id:6)
INF [20100405-20:28:24.815] w3c: 9 - - - - - - - RowzShards:create_shard ShardInfo(class_name:com.twitter.rowz.SqlShard,_table_prefix:data_a2,_hostname:localhost,_source_type:,_destination_type:,_busy:0,_shard_id:0)
INF [20100405-20:28:24.825] w3c: 9 - - - - - - - RowzShards:create_shard ShardInfo(class_name:com.twitter.rowz.SqlShard,_table_prefix:data_b2,_hostname:localhost,_source_type:,_destination_type:,_busy:0,_shard_id:0)
INF [20100405-20:28:24.832] w3c: 6 - - - - - - - RowzShards:create_shard ShardInfo(class_name:com.twitter.gizzard.shards.ReplicatingShard,_table_prefix:replicating_2,_hostname:localhost,_source_type:,_destination_type:,_busy:0,_shard_id:0)
INF [20100405-20:28:24.834] w3c: 1 - - - - - - - RowzShards:add_child_shard 9,7,1
INF [20100405-20:28:24.835] w3c: 1 - - - - - - - RowzShards:add_child_shard 9,8,1
INF [20100405-20:28:24.837] w3c: 1 - - - - - - - RowzShards:set_forwarding Forwarding(table_id:0,_base_id:3689348814741910322,_shard_id:9)
INF [20100405-20:28:24.840] w3c: 3 - - - - - - - RowzShards:create_shard ShardInfo(class_name:com.twitter.rowz.SqlShard,_table_prefix:data_a3,_hostname:localhost,_source_type:,_destination_type:,_busy:0,_shard_id:0)
INF [20100405-20:28:24.843] w3c: 2 - - - - - - - RowzShards:create_shard ShardInfo(class_name:com.twitter.rowz.SqlShard,_table_prefix:data_b3,_hostname:localhost,_source_type:,_destination_type:,_busy:0,_shard_id:0)
INF [20100405-20:28:24.849] w3c: 5 - - - - - - - RowzShards:create_shard ShardInfo(class_name:com.twitter.gizzard.shards.ReplicatingShard,_table_prefix:replicating_3,_hostname:localhost,_source_type:,_destination_type:,_busy:0,_shard_id:0)
INF [20100405-20:28:24.850] w3c: 1 - - - - - - - RowzShards:add_child_shard 12,10,1
INF [20100405-20:28:24.852] w3c: 1 - - - - - - - RowzShards:add_child_shard 12,11,1
INF [20100405-20:28:24.857] w3c: 5 - - - - - - - RowzShards:set_forwarding Forwarding(table_id:0,_base_id:5534023222112865483,_shard_id:12)
INF [20100405-20:28:24.860] w3c: 3 - - - - - - - RowzShards:create_shard ShardInfo(class_name:com.twitter.rowz.SqlShard,_table_prefix:data_a4,_hostname:localhost,_source_type:,_destination_type:,_busy:0,_shard_id:0)
INF [20100405-20:28:24.866] w3c: 4 - - - - - - - RowzShards:create_shard ShardInfo(class_name:com.twitter.rowz.SqlShard,_table_prefix:data_b4,_hostname:localhost,_source_type:,_destination_type:,_busy:0,_shard_id:0)
INF [20100405-20:28:24.869] w3c: 2 - - - - - - - RowzShards:create_shard ShardInfo(class_name:com.twitter.gizzard.shards.ReplicatingShard,_table_prefix:replicating_4,_hostname:localhost,_source_type:,_destination_type:,_busy:0,_shard_id:0)
INF [20100405-20:28:24.874] w3c: 3 - - - - - - - RowzShards:add_child_shard 15,13,1
INF [20100405-20:28:24.875] w3c: 1 - - - - - - - RowzShards:add_child_shard 15,14,1
INF [20100405-20:28:24.882] w3c: 7 - - - - - - - RowzShards:set_forwarding Forwarding(table_id:0,_base_id:7378697629483820644,_shard_id:15)
INF [20100405-20:28:24.885] w3c: 2 - - - - - - - RowzShards:create_shard ShardInfo(class_name:com.twitter.rowz.SqlShard,_table_prefix:data_a5,_hostname:localhost,_source_type:,_destination_type:,_busy:0,_shard_id:0)
INF [20100405-20:28:24.891] w3c: 5 - - - - - - - RowzShards:create_shard ShardInfo(class_name:com.twitter.rowz.SqlShard,_table_prefix:data_b5,_hostname:localhost,_source_type:,_destination_type:,_busy:0,_shard_id:0)
INF [20100405-20:28:24.893] w3c: 2 - - - - - - - RowzShards:create_shard ShardInfo(class_name:com.twitter.gizzard.shards.ReplicatingShard,_table_prefix:replicating_5,_hostname:localhost,_source_type:,_destination_type:,_busy:0,_shard_id:0)
INF [20100405-20:28:24.899] w3c: 5 - - - - - - - RowzShards:add_child_shard 18,16,1
INF [20100405-20:28:24.901] w3c: 1 - - - - - - - RowzShards:add_child_shard 18,17,1
INF [20100405-20:28:24.907] w3c: 5 - - - - - - - RowzShards:set_forwarding Forwarding(table_id:0,_base_id:9223372036854775805,_shard_id:18)
INF [20100405-20:28:24.911] w3c: 3 - - - - - - - RowzShards:create_shard ShardInfo(class_name:com.twitter.rowz.SqlShard,_table_prefix:data_a6,_hostname:localhost,_source_type:,_destination_type:,_busy:0,_shard_id:0)
INF [20100405-20:28:24.915] w3c: 4 - - - - - - - RowzShards:create_shard ShardInfo(class_name:com.twitter.rowz.SqlShard,_table_prefix:data_b6,_hostname:localhost,_source_type:,_destination_type:,_busy:0,_shard_id:0)
INF [20100405-20:28:24.919] w3c: 3 - - - - - - - RowzShards:create_shard ShardInfo(class_name:com.twitter.gizzard.shards.ReplicatingShard,_table_prefix:replicating_6,_hostname:localhost,_source_type:,_destination_type:,_busy:0,_shard_id:0)
INF [20100405-20:28:24.924] w3c: 3 - - - - - - - RowzShards:add_child_shard 21,19,1
INF [20100405-20:28:24.925] w3c: 1 - - - - - - - RowzShards:add_child_shard 21,20,1
INF [20100405-20:28:24.927] w3c: 1 - - - - - - - RowzShards:set_forwarding Forwarding(table_id:0,_base_id:-7378697629483820650,_shard_id:21)
INF [20100405-20:28:24.932] w3c: 5 - - - - - - - RowzShards:create_shard ShardInfo(class_name:com.twitter.rowz.SqlShard,_table_prefix:data_a7,_hostname:localhost,_source_type:,_destination_type:,_busy:0,_shard_id:0)
INF [20100405-20:28:24.935] w3c: 2 - - - - - - - RowzShards:create_shard ShardInfo(class_name:com.twitter.rowz.SqlShard,_table_prefix:data_b7,_hostname:localhost,_source_type:,_destination_type:,_busy:0,_shard_id:0)
INF [20100405-20:28:24.941] w3c: 5 - - - - - - - RowzShards:create_shard ShardInfo(class_name:com.twitter.gizzard.shards.ReplicatingShard,_table_prefix:replicating_7,_hostname:localhost,_source_type:,_destination_type:,_busy:0,_shard_id:0)
INF [20100405-20:28:24.943] w3c: 1 - - - - - - - RowzShards:add_child_shard 24,22,1
INF [20100405-20:28:24.949] w3c: 2 - - - - - - - RowzShards:add_child_shard 24,23,1
INF [20100405-20:28:24.951] w3c: 2 - - - - - - - RowzShards:set_forwarding Forwarding(table_id:0,_base_id:-5534023222112865489,_shard_id:24)
INF [20100405-20:28:24.957] w3c: 6 - - - - - - - RowzShards:create_shard ShardInfo(class_name:com.twitter.rowz.SqlShard,_table_prefix:data_a8,_hostname:localhost,_source_type:,_destination_type:,_busy:0,_shard_id:0)
INF [20100405-20:28:24.960] w3c: 2 - - - - - - - RowzShards:create_shard ShardInfo(class_name:com.twitter.rowz.SqlShard,_table_prefix:data_b8,_hostname:localhost,_source_type:,_destination_type:,_busy:0,_shard_id:0)
INF [20100405-20:28:24.965] w3c: 4 - - - - - - - RowzShards:create_shard ShardInfo(class_name:com.twitter.gizzard.shards.ReplicatingShard,_table_prefix:replicating_8,_hostname:localhost,_source_type:,_destination_type:,_busy:0,_shard_id:0)
INF [20100405-20:28:24.967] w3c: 1 - - - - - - - RowzShards:add_child_shard 27,25,1
INF [20100405-20:28:24.968] w3c: 1 - - - - - - - RowzShards:add_child_shard 27,26,1
INF [20100405-20:28:24.974] w3c: 4 - - - - - - - RowzShards:set_forwarding Forwarding(table_id:0,_base_id:-3689348814741910328,_shard_id:27)
INF [20100405-20:28:24.983] w3c: 9 - - - - - - - RowzShards:create_shard ShardInfo(class_name:com.twitter.rowz.SqlShard,_table_prefix:data_a9,_hostname:localhost,_source_type:,_destination_type:,_busy:0,_shard_id:0)
INF [20100405-20:28:24.990] w3c: 6 - - - - - - - RowzShards:create_shard ShardInfo(class_name:com.twitter.rowz.SqlShard,_table_prefix:data_b9,_hostname:localhost,_source_type:,_destination_type:,_busy:0,_shard_id:0)
INF [20100405-20:28:24.993] w3c: 2 - - - - - - - RowzShards:create_shard ShardInfo(class_name:com.twitter.gizzard.shards.ReplicatingShard,_table_prefix:replicating_9,_hostname:localhost,_source_type:,_destination_type:,_busy:0,_shard_id:0)
INF [20100405-20:28:24.999] w3c: 5 - - - - - - - RowzShards:add_child_shard 30,28,1
INF [20100405-20:28:25.000] w3c: 1 - - - - - - - RowzShards:add_child_shard 30,29,1
INF [20100405-20:28:25.002] w3c: 2 - - - - - - - RowzShards:set_forwarding Forwarding(table_id:0,_base_id:-1844674407370955167,_shard_id:30)
INF [20100405-20:28:25.012] w3c: 9 - - - - - - - RowzShards:reload_forwardings 
INF [20100405-20:28:25.013] w3c: 1 - - - 0 - - - Rowz:create row_0,1270524505
INF [20100405-20:28:25.123] w3c: - - - - - - - - Rowz:read 0
INF [20100405-20:28:47.283] w3c: 45 - - - - - - - RowzShards:rebuild_schema 
INF [20100405-20:28:47.306] w3c: 21 - - - - - - - RowzShards:create_shard ShardInfo(class_name:com.twitter.rowz.SqlShard,_table_prefix:data_a0,_hostname:localhost,_source_type:,_destination_type:,_busy:0,_shard_id:0)
INF [20100405-20:28:47.310] w3c: 3 - - - - - - - RowzShards:create_shard ShardInfo(class_name:com.twitter.rowz.SqlShard,_table_prefix:data_b0,_hostname:localhost,_source_type:,_destination_type:,_busy:0,_shard_id:0)
INF [20100405-20:28:47.315] w3c: 3 - - - - - - - RowzShards:create_shard ShardInfo(class_name:com.twitter.gizzard.shards.ReplicatingShard,_table_prefix:replicating_0,_hostname:localhost,_source_type:,_destination_type:,_busy:0,_shard_id:0)
INF [20100405-20:28:47.317] w3c: 1 - - - - - - - RowzShards:add_child_shard 3,1,1
INF [20100405-20:28:47.323] w3c: 5 - - - - - - - RowzShards:add_child_shard 3,2,1
INF [20100405-20:28:47.328] w3c: 2 - - - - - - - RowzShards:set_forwarding Forwarding(table_id:0,_base_id:0,_shard_id:3)
INF [20100405-20:28:47.332] w3c: 3 - - - - - - - RowzShards:create_shard ShardInfo(class_name:com.twitter.rowz.SqlShard,_table_prefix:data_a1,_hostname:localhost,_source_type:,_destination_type:,_busy:0,_shard_id:0)
INF [20100405-20:28:47.339] w3c: 6 - - - - - - - RowzShards:create_shard ShardInfo(class_name:com.twitter.rowz.SqlShard,_table_prefix:data_b1,_hostname:localhost,_source_type:,_destination_type:,_busy:0,_shard_id:0)
INF [20100405-20:28:47.342] w3c: 2 - - - - - - - RowzShards:create_shard ShardInfo(class_name:com.twitter.gizzard.shards.ReplicatingShard,_table_prefix:replicating_1,_hostname:localhost,_source_type:,_destination_type:,_busy:0,_shard_id:0)
INF [20100405-20:28:47.344] w3c: 2 - - - - - - - RowzShards:add_child_shard 6,4,1
INF [20100405-20:28:47.348] w3c: 3 - - - - - - - RowzShards:add_child_shard 6,5,1
INF [20100405-20:28:47.356] w3c: 7 - - - - - - - RowzShards:set_forwarding Forwarding(table_id:0,_base_id:1844674407370955161,_shard_id:6)
INF [20100405-20:28:47.365] w3c: 8 - - - - - - - RowzShards:create_shard ShardInfo(class_name:com.twitter.rowz.SqlShard,_table_prefix:data_a2,_hostname:localhost,_source_type:,_destination_type:,_busy:0,_shard_id:0)
INF [20100405-20:28:47.373] w3c: 6 - - - - - - - RowzShards:create_shard ShardInfo(class_name:com.twitter.rowz.SqlShard,_table_prefix:data_b2,_hostname:localhost,_source_type:,_destination_type:,_busy:0,_shard_id:0)
INF [20100405-20:28:47.376] w3c: 2 - - - - - - - RowzShards:create_shard ShardInfo(class_name:com.twitter.gizzard.shards.ReplicatingShard,_table_prefix:replicating_2,_hostname:localhost,_source_type:,_destination_type:,_busy:0,_shard_id:0)
INF [20100405-20:28:47.377] w3c: 1 - - - - - - - RowzShards:add_child_shard 9,7,1
INF [20100405-20:28:47.381] w3c: 3 - - - - - - - RowzShards:add_child_shard 9,8,1
INF [20100405-20:28:47.383] w3c: 1 - - - - - - - RowzShards:set_forwarding Forwarding(table_id:0,_base_id:3689348814741910322,_shard_id:9)
INF [20100405-20:28:47.389] w3c: 6 - - - - - - - RowzShards:create_shard ShardInfo(class_name:com.twitter.rowz.SqlShard,_table_prefix:data_a3,_hostname:localhost,_source_type:,_destination_type:,_busy:0,_shard_id:0)
INF [20100405-20:28:47.392] w3c: 2 - - - - - - - RowzShards:create_shard ShardInfo(class_name:com.twitter.rowz.SqlShard,_table_prefix:data_b3,_hostname:localhost,_source_type:,_destination_type:,_busy:0,_shard_id:0)
INF [20100405-20:28:47.398] w3c: 5 - - - - - - - RowzShards:create_shard ShardInfo(class_name:com.twitter.gizzard.shards.ReplicatingShard,_table_prefix:replicating_3,_hostname:localhost,_source_type:,_destination_type:,_busy:0,_shard_id:0)
INF [20100405-20:28:47.399] w3c: 1 - - - - - - - RowzShards:add_child_shard 12,10,1
INF [20100405-20:28:47.401] w3c: 1 - - - - - - - RowzShards:add_child_shard 12,11,1
INF [20100405-20:28:47.407] w3c: 5 - - - - - - - RowzShards:set_forwarding Forwarding(table_id:0,_base_id:5534023222112865483,_shard_id:12)
INF [20100405-20:28:47.415] w3c: 6 - - - - - - - RowzShards:create_shard ShardInfo(class_name:com.twitter.rowz.SqlShard,_table_prefix:data_a4,_hostname:localhost,_source_type:,_destination_type:,_busy:0,_shard_id:0)
INF [20100405-20:28:47.418] w3c: 3 - - - - - - - RowzShards:create_shard ShardInfo(class_name:com.twitter.rowz.SqlShard,_table_prefix:data_b4,_hostname:localhost,_source_type:,_destination_type:,_busy:0,_shard_id:0)
INF [20100405-20:28:47.423] w3c: 5 - - - - - - - RowzShards:create_shard ShardInfo(class_name:com.twitter.gizzard.shards.ReplicatingShard,_table_prefix:replicating_4,_hostname:localhost,_source_type:,_destination_type:,_busy:0,_shard_id:0)
INF [20100405-20:28:47.424] w3c: 1 - - - - - - - RowzShards:add_child_shard 15,13,1
INF [20100405-20:28:47.425] w3c: 1 - - - - - - - RowzShards:add_child_shard 15,14,1
INF [20100405-20:28:47.427] w3c: 1 - - - - - - - RowzShards:set_forwarding Forwarding(table_id:0,_base_id:7378697629483820644,_shard_id:15)
INF [20100405-20:28:47.431] w3c: 4 - - - - - - - RowzShards:create_shard ShardInfo(class_name:com.twitter.rowz.SqlShard,_table_prefix:data_a5,_hostname:localhost,_source_type:,_destination_type:,_busy:0,_shard_id:0)
INF [20100405-20:28:47.434] w3c: 2 - - - - - - - RowzShards:create_shard ShardInfo(class_name:com.twitter.rowz.SqlShard,_table_prefix:data_b5,_hostname:localhost,_source_type:,_destination_type:,_busy:0,_shard_id:0)
INF [20100405-20:28:47.439] w3c: 4 - - - - - - - RowzShards:create_shard ShardInfo(class_name:com.twitter.gizzard.shards.ReplicatingShard,_table_prefix:replicating_5,_hostname:localhost,_source_type:,_destination_type:,_busy:0,_shard_id:0)
INF [20100405-20:28:47.442] w3c: 1 - - - - - - - RowzShards:add_child_shard 18,16,1
INF [20100405-20:28:47.448] w3c: 5 - - - - - - - RowzShards:add_child_shard 18,17,1
INF [20100405-20:28:47.451] w3c: 2 - - - - - - - RowzShards:set_forwarding Forwarding(table_id:0,_base_id:9223372036854775805,_shard_id:18)
INF [20100405-20:28:47.456] w3c: 4 - - - - - - - RowzShards:create_shard ShardInfo(class_name:com.twitter.rowz.SqlShard,_table_prefix:data_a6,_hostname:localhost,_source_type:,_destination_type:,_busy:0,_shard_id:0)
INF [20100405-20:28:47.460] w3c: 2 - - - - - - - RowzShards:create_shard ShardInfo(class_name:com.twitter.rowz.SqlShard,_table_prefix:data_b6,_hostname:localhost,_source_type:,_destination_type:,_busy:0,_shard_id:0)
INF [20100405-20:28:47.464] w3c: 4 - - - - - - - RowzShards:create_shard ShardInfo(class_name:com.twitter.gizzard.shards.ReplicatingShard,_table_prefix:replicating_6,_hostname:localhost,_source_type:,_destination_type:,_busy:0,_shard_id:0)
INF [20100405-20:28:47.466] w3c: 1 - - - - - - - RowzShards:add_child_shard 21,19,1
INF [20100405-20:28:47.467] w3c: 1 - - - - - - - RowzShards:add_child_shard 21,20,1
INF [20100405-20:28:47.469] w3c: 2 - - - - - - - RowzShards:set_forwarding Forwarding(table_id:0,_base_id:-7378697629483820650,_shard_id:21)
INF [20100405-20:28:47.481] w3c: 12 - - - - - - - RowzShards:create_shard ShardInfo(class_name:com.twitter.rowz.SqlShard,_table_prefix:data_a7,_hostname:localhost,_source_type:,_destination_type:,_busy:0,_shard_id:0)
INF [20100405-20:28:47.490] w3c: 8 - - - - - - - RowzShards:create_shard ShardInfo(class_name:com.twitter.rowz.SqlShard,_table_prefix:data_b7,_hostname:localhost,_source_type:,_destination_type:,_busy:0,_shard_id:0)
INF [20100405-20:28:47.498] w3c: 7 - - - - - - - RowzShards:create_shard ShardInfo(class_name:com.twitter.gizzard.shards.ReplicatingShard,_table_prefix:replicating_7,_hostname:localhost,_source_type:,_destination_type:,_busy:0,_shard_id:0)
INF [20100405-20:28:47.499] w3c: 1 - - - - - - - RowzShards:add_child_shard 24,22,1
INF [20100405-20:28:47.501] w3c: 1 - - - - - - - RowzShards:add_child_shard 24,23,1
INF [20100405-20:28:47.502] w3c: 1 - - - - - - - RowzShards:set_forwarding Forwarding(table_id:0,_base_id:-5534023222112865489,_shard_id:24)
INF [20100405-20:28:47.506] w3c: 3 - - - - - - - RowzShards:create_shard ShardInfo(class_name:com.twitter.rowz.SqlShard,_table_prefix:data_a8,_hostname:localhost,_source_type:,_destination_type:,_busy:0,_shard_id:0)
INF [20100405-20:28:47.510] w3c: 3 - - - - - - - RowzShards:create_shard ShardInfo(class_name:com.twitter.rowz.SqlShard,_table_prefix:data_b8,_hostname:localhost,_source_type:,_destination_type:,_busy:0,_shard_id:0)
INF [20100405-20:28:47.514] w3c: 3 - - - - - - - RowzShards:create_shard ShardInfo(class_name:com.twitter.gizzard.shards.ReplicatingShard,_table_prefix:replicating_8,_hostname:localhost,_source_type:,_destination_type:,_busy:0,_shard_id:0)
INF [20100405-20:28:47.516] w3c: 1 - - - - - - - RowzShards:add_child_shard 27,25,1
INF [20100405-20:28:47.517] w3c: 1 - - - - - - - RowzShards:add_child_shard 27,26,1
INF [20100405-20:28:47.523] w3c: 5 - - - - - - - RowzShards:set_forwarding Forwarding(table_id:0,_base_id:-3689348814741910328,_shard_id:27)
INF [20100405-20:28:47.528] w3c: 4 - - - - - - - RowzShards:create_shard ShardInfo(class_name:com.twitter.rowz.SqlShard,_table_prefix:data_a9,_hostname:localhost,_source_type:,_destination_type:,_busy:0,_shard_id:0)
INF [20100405-20:28:47.534] w3c: 3 - - - - - - - RowzShards:create_shard ShardInfo(class_name:com.twitter.rowz.SqlShard,_table_prefix:data_b9,_hostname:localhost,_source_type:,_destination_type:,_busy:0,_shard_id:0)
INF [20100405-20:28:47.539] w3c: 4 - - - - - - - RowzShards:create_shard ShardInfo(class_name:com.twitter.gizzard.shards.ReplicatingShard,_table_prefix:replicating_9,_hostname:localhost,_source_type:,_destination_type:,_busy:0,_shard_id:0)
INF [20100405-20:28:47.541] w3c: 1 - - - - - - - RowzShards:add_child_shard 30,28,1
INF [20100405-20:28:47.543] w3c: 1 - - - - - - - RowzShards:add_child_shard 30,29,1
INF [20100405-20:28:47.548] w3c: 4 - - - - - - - RowzShards:set_forwarding Forwarding(table_id:0,_base_id:-1844674407370955167,_shard_id:30)
INF [20100405-20:28:47.565] w3c: 17 - - - - - - - RowzShards:reload_forwardings 
INF [20100405-20:28:47.567] w3c: 1 - - - 0 - - - Rowz:create row_0,1270524527
INF [20100405-20:28:47.705] w3c: 34 - - - - - - - Rowz:read 5204068460924932
INF [20100405-20:28:47.708] w3c: 1 - - - 0 - - - Rowz:create row_1,1270524527
INF [20100405-20:28:47.811] w3c: 1 - - - - - - - Rowz:read 5204068465119237
INF [20100405-20:28:47.812] w3c: 0 - - - 0 - - - Rowz:create row_2,1270524527
INF [20100405-20:28:47.915] w3c: 2 - - - - - - - Rowz:read 5204068465119238
INF [20100405-20:28:47.916] w3c: 1 - - - 0 - - - Rowz:create row_3,1270524527
INF [20100405-20:28:48.019] w3c: 2 - - - - - - - Rowz:read 5204068465119239
INF [20100405-20:28:48.020] w3c: 0 - - - 0 - - - Rowz:create row_4,1270524528
INF [20100405-20:28:48.123] w3c: 2 - - - - - - - Rowz:read 5204068465119240
INF [20100405-20:28:48.126] w3c: 1 - - - 0 - - - Rowz:create row_5,1270524528
INF [20100405-20:28:48.228] w3c: 1 - - - - - - - Rowz:read 5204068465119241
INF [20100405-20:28:48.230] w3c: 1 - - - 0 - - - Rowz:create row_6,1270524528
INF [20100405-20:28:48.332] w3c: 1 - - - - - - - Rowz:read 5204068465119242
INF [20100405-20:28:48.334] w3c: 1 - - - 0 - - - Rowz:create row_7,1270524528
INF [20100405-20:28:48.437] w3c: 1 - - - - - - - Rowz:read 5204068465119243
INF [20100405-20:28:48.439] w3c: 1 - - - 0 - - - Rowz:create row_8,1270524528
INF [20100405-20:28:48.541] w3c: 1 - - - - - - - Rowz:read 5204068465119244
INF [20100405-20:28:48.543] w3c: 1 - - - 0 - - - Rowz:create row_9,1270524528
INF [20100405-20:28:48.646] w3c: 2 - - - - - - - Rowz:read 5204068465119245
INF [20100405-20:29:33.398] w3c: 77 - - - - - - - RowzShards:rebuild_schema 
INF [20100405-20:29:33.406] w3c: 7 - - - - - - - RowzShards:create_shard ShardInfo(class_name:com.twitter.rowz.SqlShard,_table_prefix:data_a0,_hostname:localhost,_source_type:,_destination_type:,_busy:0,_shard_id:0)
INF [20100405-20:29:33.412] w3c: 3 - - - - - - - RowzShards:create_shard ShardInfo(class_name:com.twitter.rowz.SqlShard,_table_prefix:data_b0,_hostname:localhost,_source_type:,_destination_type:,_busy:0,_shard_id:0)
INF [20100405-20:29:33.421] w3c: 6 - - - - - - - RowzShards:create_shard ShardInfo(class_name:com.twitter.gizzard.shards.ReplicatingShard,_table_prefix:replicating_0,_hostname:localhost,_source_type:,_destination_type:,_busy:0,_shard_id:0)
INF [20100405-20:29:33.423] w3c: 2 - - - - - - - RowzShards:add_child_shard 3,1,1
INF [20100405-20:29:33.425] w3c: 1 - - - - - - - RowzShards:add_child_shard 3,2,1
INF [20100405-20:29:33.429] w3c: 2 - - - - - - - RowzShards:set_forwarding Forwarding(table_id:0,_base_id:0,_shard_id:3)
INF [20100405-20:29:33.432] w3c: 2 - - - - - - - RowzShards:create_shard ShardInfo(class_name:com.twitter.rowz.SqlShard,_table_prefix:data_a1,_hostname:localhost,_source_type:,_destination_type:,_busy:0,_shard_id:0)
INF [20100405-20:29:33.437] w3c: 4 - - - - - - - RowzShards:create_shard ShardInfo(class_name:com.twitter.rowz.SqlShard,_table_prefix:data_b1,_hostname:localhost,_source_type:,_destination_type:,_busy:0,_shard_id:0)
INF [20100405-20:29:33.439] w3c: 1 - - - - - - - RowzShards:create_shard ShardInfo(class_name:com.twitter.gizzard.shards.ReplicatingShard,_table_prefix:replicating_1,_hostname:localhost,_source_type:,_destination_type:,_busy:0,_shard_id:0)
INF [20100405-20:29:33.441] w3c: 1 - - - - - - - RowzShards:add_child_shard 6,4,1
INF [20100405-20:29:33.445] w3c: 4 - - - - - - - RowzShards:add_child_shard 6,5,1
INF [20100405-20:29:33.447] w3c: 1 - - - - - - - RowzShards:set_forwarding Forwarding(table_id:0,_base_id:1844674407370955161,_shard_id:6)
INF [20100405-20:29:33.450] w3c: 2 - - - - - - - RowzShards:create_shard ShardInfo(class_name:com.twitter.rowz.SqlShard,_table_prefix:data_a2,_hostname:localhost,_source_type:,_destination_type:,_busy:0,_shard_id:0)
INF [20100405-20:29:33.453] w3c: 2 - - - - - - - RowzShards:create_shard ShardInfo(class_name:com.twitter.rowz.SqlShard,_table_prefix:data_b2,_hostname:localhost,_source_type:,_destination_type:,_busy:0,_shard_id:0)
INF [20100405-20:29:33.462] w3c: 8 - - - - - - - RowzShards:create_shard ShardInfo(class_name:com.twitter.gizzard.shards.ReplicatingShard,_table_prefix:replicating_2,_hostname:localhost,_source_type:,_destination_type:,_busy:0,_shard_id:0)
INF [20100405-20:29:33.465] w3c: 1 - - - - - - - RowzShards:add_child_shard 9,7,1
INF [20100405-20:29:33.471] w3c: 4 - - - - - - - RowzShards:add_child_shard 9,8,1
INF [20100405-20:29:33.472] w3c: 1 - - - - - - - RowzShards:set_forwarding Forwarding(table_id:0,_base_id:3689348814741910322,_shard_id:9)
INF [20100405-20:29:33.479] w3c: 6 - - - - - - - RowzShards:create_shard ShardInfo(class_name:com.twitter.rowz.SqlShard,_table_prefix:data_a3,_hostname:localhost,_source_type:,_destination_type:,_busy:0,_shard_id:0)
INF [20100405-20:29:33.482] w3c: 3 - - - - - - - RowzShards:create_shard ShardInfo(class_name:com.twitter.rowz.SqlShard,_table_prefix:data_b3,_hostname:localhost,_source_type:,_destination_type:,_busy:0,_shard_id:0)
INF [20100405-20:29:33.487] w3c: 4 - - - - - - - RowzShards:create_shard ShardInfo(class_name:com.twitter.gizzard.shards.ReplicatingShard,_table_prefix:replicating_3,_hostname:localhost,_source_type:,_destination_type:,_busy:0,_shard_id:0)
INF [20100405-20:29:33.488] w3c: 0 - - - - - - - RowzShards:add_child_shard 12,10,1
INF [20100405-20:29:33.490] w3c: 1 - - - - - - - RowzShards:add_child_shard 12,11,1
INF [20100405-20:29:33.495] w3c: 5 - - - - - - - RowzShards:set_forwarding Forwarding(table_id:0,_base_id:5534023222112865483,_shard_id:12)
INF [20100405-20:29:33.499] w3c: 2 - - - - - - - RowzShards:create_shard ShardInfo(class_name:com.twitter.rowz.SqlShard,_table_prefix:data_a4,_hostname:localhost,_source_type:,_destination_type:,_busy:0,_shard_id:0)
INF [20100405-20:29:33.504] w3c: 5 - - - - - - - RowzShards:create_shard ShardInfo(class_name:com.twitter.rowz.SqlShard,_table_prefix:data_b4,_hostname:localhost,_source_type:,_destination_type:,_busy:0,_shard_id:0)
INF [20100405-20:29:33.512] w3c: 7 - - - - - - - RowzShards:create_shard ShardInfo(class_name:com.twitter.gizzard.shards.ReplicatingShard,_table_prefix:replicating_4,_hostname:localhost,_source_type:,_destination_type:,_busy:0,_shard_id:0)
INF [20100405-20:29:33.514] w3c: 1 - - - - - - - RowzShards:add_child_shard 15,13,1
INF [20100405-20:29:33.515] w3c: 1 - - - - - - - RowzShards:add_child_shard 15,14,1
INF [20100405-20:29:33.520] w3c: 4 - - - - - - - RowzShards:set_forwarding Forwarding(table_id:0,_base_id:7378697629483820644,_shard_id:15)
INF [20100405-20:29:33.529] w3c: 8 - - - - - - - RowzShards:create_shard ShardInfo(class_name:com.twitter.rowz.SqlShard,_table_prefix:data_a5,_hostname:localhost,_source_type:,_destination_type:,_busy:0,_shard_id:0)
INF [20100405-20:29:33.533] w3c: 3 - - - - - - - RowzShards:create_shard ShardInfo(class_name:com.twitter.rowz.SqlShard,_table_prefix:data_b5,_hostname:localhost,_source_type:,_destination_type:,_busy:0,_shard_id:0)
INF [20100405-20:29:33.537] w3c: 4 - - - - - - - RowzShards:create_shard ShardInfo(class_name:com.twitter.gizzard.shards.ReplicatingShard,_table_prefix:replicating_5,_hostname:localhost,_source_type:,_destination_type:,_busy:0,_shard_id:0)
INF [20100405-20:29:33.539] w3c: 0 - - - - - - - RowzShards:add_child_shard 18,16,1
INF [20100405-20:29:33.540] w3c: 1 - - - - - - - RowzShards:add_child_shard 18,17,1
INF [20100405-20:29:33.546] w3c: 5 - - - - - - - RowzShards:set_forwarding Forwarding(table_id:0,_base_id:9223372036854775805,_shard_id:18)
INF [20100405-20:29:33.550] w3c: 3 - - - - - - - RowzShards:create_shard ShardInfo(class_name:com.twitter.rowz.SqlShard,_table_prefix:data_a6,_hostname:localhost,_source_type:,_destination_type:,_busy:0,_shard_id:0)
INF [20100405-20:29:33.554] w3c: 3 - - - - - - - RowzShards:create_shard ShardInfo(class_name:com.twitter.rowz.SqlShard,_table_prefix:data_b6,_hostname:localhost,_source_type:,_destination_type:,_busy:0,_shard_id:0)
INF [20100405-20:29:33.562] w3c: 7 - - - - - - - RowzShards:create_shard ShardInfo(class_name:com.twitter.gizzard.shards.ReplicatingShard,_table_prefix:replicating_6,_hostname:localhost,_source_type:,_destination_type:,_busy:0,_shard_id:0)
INF [20100405-20:29:33.564] w3c: 1 - - - - - - - RowzShards:add_child_shard 21,19,1
INF [20100405-20:29:33.565] w3c: 1 - - - - - - - RowzShards:add_child_shard 21,20,1
INF [20100405-20:29:33.571] w3c: 4 - - - - - - - RowzShards:set_forwarding Forwarding(table_id:0,_base_id:-7378697629483820650,_shard_id:21)
INF [20100405-20:29:33.574] w3c: 3 - - - - - - - RowzShards:create_shard ShardInfo(class_name:com.twitter.rowz.SqlShard,_table_prefix:data_a7,_hostname:localhost,_source_type:,_destination_type:,_busy:0,_shard_id:0)
INF [20100405-20:29:33.579] w3c: 4 - - - - - - - RowzShards:create_shard ShardInfo(class_name:com.twitter.rowz.SqlShard,_table_prefix:data_b7,_hostname:localhost,_source_type:,_destination_type:,_busy:0,_shard_id:0)
INF [20100405-20:29:33.584] w3c: 2 - - - - - - - RowzShards:create_shard ShardInfo(class_name:com.twitter.gizzard.shards.ReplicatingShard,_table_prefix:replicating_7,_hostname:localhost,_source_type:,_destination_type:,_busy:0,_shard_id:0)
INF [20100405-20:29:33.587] w3c: 3 - - - - - - - RowzShards:add_child_shard 24,22,1
INF [20100405-20:29:33.588] w3c: 0 - - - - - - - RowzShards:add_child_shard 24,23,1
INF [20100405-20:29:33.590] w3c: 1 - - - - - - - RowzShards:set_forwarding Forwarding(table_id:0,_base_id:-5534023222112865489,_shard_id:24)
INF [20100405-20:29:33.596] w3c: 4 - - - - - - - RowzShards:create_shard ShardInfo(class_name:com.twitter.rowz.SqlShard,_table_prefix:data_a8,_hostname:localhost,_source_type:,_destination_type:,_busy:0,_shard_id:0)
INF [20100405-20:29:33.599] w3c: 3 - - - - - - - RowzShards:create_shard ShardInfo(class_name:com.twitter.rowz.SqlShard,_table_prefix:data_b8,_hostname:localhost,_source_type:,_destination_type:,_busy:0,_shard_id:0)
INF [20100405-20:29:33.604] w3c: 5 - - - - - - - RowzShards:create_shard ShardInfo(class_name:com.twitter.gizzard.shards.ReplicatingShard,_table_prefix:replicating_8,_hostname:localhost,_source_type:,_destination_type:,_busy:0,_shard_id:0)
INF [20100405-20:29:33.612] w3c: 8 - - - - - - - RowzShards:add_child_shard 27,25,1
INF [20100405-20:29:33.613] w3c: 0 - - - - - - - RowzShards:add_child_shard 27,26,1
INF [20100405-20:29:33.615] w3c: 1 - - - - - - - RowzShards:set_forwarding Forwarding(table_id:0,_base_id:-3689348814741910328,_shard_id:27)
INF [20100405-20:29:33.621] w3c: 6 - - - - - - - RowzShards:create_shard ShardInfo(class_name:com.twitter.rowz.SqlShard,_table_prefix:data_a9,_hostname:localhost,_source_type:,_destination_type:,_busy:0,_shard_id:0)
INF [20100405-20:29:33.632] w3c: 3 - - - - - - - RowzShards:create_shard ShardInfo(class_name:com.twitter.rowz.SqlShard,_table_prefix:data_b9,_hostname:localhost,_source_type:,_destination_type:,_busy:0,_shard_id:0)
INF [20100405-20:29:33.637] w3c: 4 - - - - - - - RowzShards:create_shard ShardInfo(class_name:com.twitter.gizzard.shards.ReplicatingShard,_table_prefix:replicating_9,_hostname:localhost,_source_type:,_destination_type:,_busy:0,_shard_id:0)
INF [20100405-20:29:33.639] w3c: 1 - - - - - - - RowzShards:add_child_shard 30,28,1
INF [20100405-20:29:33.640] w3c: 1 - - - - - - - RowzShards:add_child_shard 30,29,1
INF [20100405-20:29:33.645] w3c: 5 - - - - - - - RowzShards:set_forwarding Forwarding(table_id:0,_base_id:-1844674407370955167,_shard_id:30)
INF [20100405-20:29:33.658] w3c: 12 - - - - - - - RowzShards:reload_forwardings 
INF [20100405-20:29:33.659] w3c: 0 - - - 0 - - - Rowz:create row_0,1270524573
INF [20100405-20:29:33.763] w3c: 2 - - - - - - - Rowz:read 5204068649668622
INF [20100405-20:29:33.765] w3c: 0 - - - 0 - - - Rowz:create row_1,1270524573
INF [20100405-20:29:33.867] w3c: 1 - - - - - - - Rowz:read 5204068653862927
INF [20100405-20:29:33.870] w3c: 1 - - - 0 - - - Rowz:create row_2,1270524573
INF [20100405-20:29:33.976] w3c: 1 - - - - - - - Rowz:read 5204068653862928
INF [20100405-20:29:33.978] w3c: 1 - - - 0 - - - Rowz:create row_3,1270524573
INF [20100405-20:29:34.081] w3c: 2 - - - - - - - Rowz:read 5204068653862929
INF [20100405-20:29:34.082] w3c: 0 - - - 0 - - - Rowz:create row_4,1270524574
INF [20100405-20:29:34.187] w3c: 2 - - - - - - - Rowz:read 5204068653862930
INF [20100405-20:29:34.189] w3c: 0 - - - 0 - - - Rowz:create row_5,1270524574
INF [20100405-20:29:34.292] w3c: 1 - - - - - - - Rowz:read 5204068653862931
INF [20100405-20:29:34.293] w3c: 1 - - - 0 - - - Rowz:create row_6,1270524574
INF [20100405-20:29:34.398] w3c: 4 - - - - - - - Rowz:read 5204068653862932
INF [20100405-20:29:34.399] w3c: 0 - - - 0 - - - Rowz:create row_7,1270524574
INF [20100405-20:29:34.502] w3c: 2 - - - - - - - Rowz:read 5204068653862933
INF [20100405-20:29:34.505] w3c: 1 - - - 0 - - - Rowz:create row_8,1270524574
INF [20100405-20:29:34.608] w3c: 1 - - - - - - - Rowz:read 5204068653862934
INF [20100405-20:29:34.610] w3c: 1 - - - 0 - - - Rowz:create row_9,1270524574
INF [20100405-20:29:34.714] w3c: 2 - - - - - - - Rowz:read 5204068653862935
INF [20100405-20:29:36.055] w3c: 61 - - - - - - - RowzShards:rebuild_schema 
INF [20100405-20:29:36.059] w3c: 3 - - - - - - - RowzShards:create_shard ShardInfo(class_name:com.twitter.rowz.SqlShard,_table_prefix:data_a0,_hostname:localhost,_source_type:,_destination_type:,_busy:0,_shard_id:0)
INF [20100405-20:29:36.063] w3c: 3 - - - - - - - RowzShards:create_shard ShardInfo(class_name:com.twitter.rowz.SqlShard,_table_prefix:data_b0,_hostname:localhost,_source_type:,_destination_type:,_busy:0,_shard_id:0)
INF [20100405-20:29:36.067] w3c: 3 - - - - - - - RowzShards:create_shard ShardInfo(class_name:com.twitter.gizzard.shards.ReplicatingShard,_table_prefix:replicating_0,_hostname:localhost,_source_type:,_destination_type:,_busy:0,_shard_id:0)
INF [20100405-20:29:36.069] w3c: 1 - - - - - - - RowzShards:add_child_shard 3,1,1
INF [20100405-20:29:36.071] w3c: 1 - - - - - - - RowzShards:add_child_shard 3,2,1
INF [20100405-20:29:36.074] w3c: 1 - - - - - - - RowzShards:set_forwarding Forwarding(table_id:0,_base_id:0,_shard_id:3)
INF [20100405-20:29:36.079] w3c: 5 - - - - - - - RowzShards:create_shard ShardInfo(class_name:com.twitter.rowz.SqlShard,_table_prefix:data_a1,_hostname:localhost,_source_type:,_destination_type:,_busy:0,_shard_id:0)
INF [20100405-20:29:36.083] w3c: 2 - - - - - - - RowzShards:create_shard ShardInfo(class_name:com.twitter.rowz.SqlShard,_table_prefix:data_b1,_hostname:localhost,_source_type:,_destination_type:,_busy:0,_shard_id:0)
INF [20100405-20:29:36.087] w3c: 4 - - - - - - - RowzShards:create_shard ShardInfo(class_name:com.twitter.gizzard.shards.ReplicatingShard,_table_prefix:replicating_1,_hostname:localhost,_source_type:,_destination_type:,_busy:0,_shard_id:0)
INF [20100405-20:29:36.089] w3c: 0 - - - - - - - RowzShards:add_child_shard 6,4,1
INF [20100405-20:29:36.090] w3c: 1 - - - - - - - RowzShards:add_child_shard 6,5,1
INF [20100405-20:29:36.091] w3c: 1 - - - - - - - RowzShards:set_forwarding Forwarding(table_id:0,_base_id:1844674407370955161,_shard_id:6)
INF [20100405-20:29:36.096] w3c: 4 - - - - - - - RowzShards:create_shard ShardInfo(class_name:com.twitter.rowz.SqlShard,_table_prefix:data_a2,_hostname:localhost,_source_type:,_destination_type:,_busy:0,_shard_id:0)
INF [20100405-20:29:36.108] w3c: 11 - - - - - - - RowzShards:create_shard ShardInfo(class_name:com.twitter.rowz.SqlShard,_table_prefix:data_b2,_hostname:localhost,_source_type:,_destination_type:,_busy:0,_shard_id:0)
INF [20100405-20:29:36.112] w3c: 3 - - - - - - - RowzShards:create_shard ShardInfo(class_name:com.twitter.gizzard.shards.ReplicatingShard,_table_prefix:replicating_2,_hostname:localhost,_source_type:,_destination_type:,_busy:0,_shard_id:0)
INF [20100405-20:29:36.114] w3c: 1 - - - - - - - RowzShards:add_child_shard 9,7,1
INF [20100405-20:29:36.115] w3c: 1 - - - - - - - RowzShards:add_child_shard 9,8,1
INF [20100405-20:29:36.117] w3c: 1 - - - - - - - RowzShards:set_forwarding Forwarding(table_id:0,_base_id:3689348814741910322,_shard_id:9)
INF [20100405-20:29:36.121] w3c: 4 - - - - - - - RowzShards:create_shard ShardInfo(class_name:com.twitter.rowz.SqlShard,_table_prefix:data_a3,_hostname:localhost,_source_type:,_destination_type:,_busy:0,_shard_id:0)
INF [20100405-20:29:36.124] w3c: 3 - - - - - - - RowzShards:create_shard ShardInfo(class_name:com.twitter.rowz.SqlShard,_table_prefix:data_b3,_hostname:localhost,_source_type:,_destination_type:,_busy:0,_shard_id:0)
INF [20100405-20:29:36.129] w3c: 5 - - - - - - - RowzShards:create_shard ShardInfo(class_name:com.twitter.gizzard.shards.ReplicatingShard,_table_prefix:replicating_3,_hostname:localhost,_source_type:,_destination_type:,_busy:0,_shard_id:0)
INF [20100405-20:29:36.130] w3c: 0 - - - - - - - RowzShards:add_child_shard 12,10,1
INF [20100405-20:29:36.132] w3c: 1 - - - - - - - RowzShards:add_child_shard 12,11,1
INF [20100405-20:29:36.137] w3c: 5 - - - - - - - RowzShards:set_forwarding Forwarding(table_id:0,_base_id:5534023222112865483,_shard_id:12)
INF [20100405-20:29:36.140] w3c: 2 - - - - - - - RowzShards:create_shard ShardInfo(class_name:com.twitter.rowz.SqlShard,_table_prefix:data_a4,_hostname:localhost,_source_type:,_destination_type:,_busy:0,_shard_id:0)
INF [20100405-20:29:36.146] w3c: 5 - - - - - - - RowzShards:create_shard ShardInfo(class_name:com.twitter.rowz.SqlShard,_table_prefix:data_b4,_hostname:localhost,_source_type:,_destination_type:,_busy:0,_shard_id:0)
INF [20100405-20:29:36.150] w3c: 2 - - - - - - - RowzShards:create_shard ShardInfo(class_name:com.twitter.gizzard.shards.ReplicatingShard,_table_prefix:replicating_4,_hostname:localhost,_source_type:,_destination_type:,_busy:0,_shard_id:0)
INF [20100405-20:29:36.154] w3c: 4 - - - - - - - RowzShards:add_child_shard 15,13,1
INF [20100405-20:29:36.155] w3c: 1 - - - - - - - RowzShards:add_child_shard 15,14,1
INF [20100405-20:29:36.157] w3c: 1 - - - - - - - RowzShards:set_forwarding Forwarding(table_id:0,_base_id:7378697629483820644,_shard_id:15)
INF [20100405-20:29:36.162] w3c: 5 - - - - - - - RowzShards:create_shard ShardInfo(class_name:com.twitter.rowz.SqlShard,_table_prefix:data_a5,_hostname:localhost,_source_type:,_destination_type:,_busy:0,_shard_id:0)
INF [20100405-20:29:36.166] w3c: 3 - - - - - - - RowzShards:create_shard ShardInfo(class_name:com.twitter.rowz.SqlShard,_table_prefix:data_b5,_hostname:localhost,_source_type:,_destination_type:,_busy:0,_shard_id:0)
INF [20100405-20:29:36.171] w3c: 4 - - - - - - - RowzShards:create_shard ShardInfo(class_name:com.twitter.gizzard.shards.ReplicatingShard,_table_prefix:replicating_5,_hostname:localhost,_source_type:,_destination_type:,_busy:0,_shard_id:0)
INF [20100405-20:29:36.172] w3c: 1 - - - - - - - RowzShards:add_child_shard 18,16,1
INF [20100405-20:29:36.173] w3c: 1 - - - - - - - RowzShards:add_child_shard 18,17,1
INF [20100405-20:29:36.175] w3c: 1 - - - - - - - RowzShards:set_forwarding Forwarding(table_id:0,_base_id:9223372036854775805,_shard_id:18)
INF [20100405-20:29:36.178] w3c: 3 - - - - - - - RowzShards:create_shard ShardInfo(class_name:com.twitter.rowz.SqlShard,_table_prefix:data_a6,_hostname:localhost,_source_type:,_destination_type:,_busy:0,_shard_id:0)
INF [20100405-20:29:36.188] w3c: 8 - - - - - - - RowzShards:create_shard ShardInfo(class_name:com.twitter.rowz.SqlShard,_table_prefix:data_b6,_hostname:localhost,_source_type:,_destination_type:,_busy:0,_shard_id:0)
INF [20100405-20:29:36.190] w3c: 2 - - - - - - - RowzShards:create_shard ShardInfo(class_name:com.twitter.gizzard.shards.ReplicatingShard,_table_prefix:replicating_6,_hostname:localhost,_source_type:,_destination_type:,_busy:0,_shard_id:0)
INF [20100405-20:29:36.192] w3c: 1 - - - - - - - RowzShards:add_child_shard 21,19,1
INF [20100405-20:29:36.195] w3c: 3 - - - - - - - RowzShards:add_child_shard 21,20,1
INF [20100405-20:29:36.197] w3c: 1 - - - - - - - RowzShards:set_forwarding Forwarding(table_id:0,_base_id:-7378697629483820650,_shard_id:21)
INF [20100405-20:29:36.204] w3c: 6 - - - - - - - RowzShards:create_shard ShardInfo(class_name:com.twitter.rowz.SqlShard,_table_prefix:data_a7,_hostname:localhost,_source_type:,_destination_type:,_busy:0,_shard_id:0)
INF [20100405-20:29:36.207] w3c: 2 - - - - - - - RowzShards:create_shard ShardInfo(class_name:com.twitter.rowz.SqlShard,_table_prefix:data_b7,_hostname:localhost,_source_type:,_destination_type:,_busy:0,_shard_id:0)
INF [20100405-20:29:36.212] w3c: 4 - - - - - - - RowzShards:create_shard ShardInfo(class_name:com.twitter.gizzard.shards.ReplicatingShard,_table_prefix:replicating_7,_hostname:localhost,_source_type:,_destination_type:,_busy:0,_shard_id:0)
INF [20100405-20:29:36.214] w3c: 1 - - - - - - - RowzShards:add_child_shard 24,22,1
INF [20100405-20:29:36.215] w3c: 1 - - - - - - - RowzShards:add_child_shard 24,23,1
INF [20100405-20:29:36.217] w3c: 1 - - - - - - - RowzShards:set_forwarding Forwarding(table_id:0,_base_id:-5534023222112865489,_shard_id:24)
INF [20100405-20:29:36.220] w3c: 3 - - - - - - - RowzShards:create_shard ShardInfo(class_name:com.twitter.rowz.SqlShard,_table_prefix:data_a8,_hostname:localhost,_source_type:,_destination_type:,_busy:0,_shard_id:0)
INF [20100405-20:29:36.233] w3c: 4 - - - - - - - RowzShards:create_shard ShardInfo(class_name:com.twitter.rowz.SqlShard,_table_prefix:data_b8,_hostname:localhost,_source_type:,_destination_type:,_busy:0,_shard_id:0)
INF [20100405-20:29:36.237] w3c: 3 - - - - - - - RowzShards:create_shard ShardInfo(class_name:com.twitter.gizzard.shards.ReplicatingShard,_table_prefix:replicating_8,_hostname:localhost,_source_type:,_destination_type:,_busy:0,_shard_id:0)
INF [20100405-20:29:36.239] w3c: 1 - - - - - - - RowzShards:add_child_shard 27,25,1
INF [20100405-20:29:36.241] w3c: 1 - - - - - - - RowzShards:add_child_shard 27,26,1
INF [20100405-20:29:36.246] w3c: 3 - - - - - - - RowzShards:set_forwarding Forwarding(table_id:0,_base_id:-3689348814741910328,_shard_id:27)
INF [20100405-20:29:36.249] w3c: 2 - - - - - - - RowzShards:create_shard ShardInfo(class_name:com.twitter.rowz.SqlShard,_table_prefix:data_a9,_hostname:localhost,_source_type:,_destination_type:,_busy:0,_shard_id:0)
INF [20100405-20:29:36.254] w3c: 4 - - - - - - - RowzShards:create_shard ShardInfo(class_name:com.twitter.rowz.SqlShard,_table_prefix:data_b9,_hostname:localhost,_source_type:,_destination_type:,_busy:0,_shard_id:0)
INF [20100405-20:29:36.256] w3c: 1 - - - - - - - RowzShards:create_shard ShardInfo(class_name:com.twitter.gizzard.shards.ReplicatingShard,_table_prefix:replicating_9,_hostname:localhost,_source_type:,_destination_type:,_busy:0,_shard_id:0)
INF [20100405-20:29:36.258] w3c: 0 - - - - - - - RowzShards:add_child_shard 30,28,1
INF [20100405-20:29:36.259] w3c: 1 - - - - - - - RowzShards:add_child_shard 30,29,1
INF [20100405-20:29:36.263] w3c: 3 - - - - - - - RowzShards:set_forwarding Forwarding(table_id:0,_base_id:-1844674407370955167,_shard_id:30)
INF [20100405-20:29:36.275] w3c: 11 - - - - - - - RowzShards:reload_forwardings 
INF [20100405-20:29:36.284] w3c: 4 - - - 0 - - - Rowz:create row_0,1270524576
INF [20100405-20:29:36.391] w3c: 1 - - - - - - - Rowz:read 5204068662251544
INF [20100405-20:29:36.393] w3c: 1 - - - 0 - - - Rowz:create row_1,1270524576
INF [20100405-20:29:36.496] w3c: 1 - - - - - - - Rowz:read 5204068662251545
INF [20100405-20:29:36.498] w3c: 1 - - - 1 - - - Rowz:create row_2,1270524576
INF [20100405-20:29:36.600] w3c: 1 - - - - - - - Rowz:read 5204068662251546
INF [20100405-20:29:36.601] w3c: 0 - - - 0 - - - Rowz:create row_3,1270524576
INF [20100405-20:29:36.709] w3c: 2 - - - - - - - Rowz:read 5204068662251547
INF [20100405-20:29:36.711] w3c: 1 - - - 0 - - - Rowz:create row_4,1270524576
INF [20100405-20:29:36.815] w3c: 1 - - - - - - - Rowz:read 5204068662251548
INF [20100405-20:29:36.817] w3c: 0 - - - 0 - - - Rowz:create row_5,1270524576
INF [20100405-20:29:36.919] w3c: 1 - - - - - - - Rowz:read 5204068666445853
INF [20100405-20:29:36.920] w3c: 0 - - - 0 - - - Rowz:create row_6,1270524576
INF [20100405-20:29:37.023] w3c: 2 - - - - - - - Rowz:read 5204068666445854
INF [20100405-20:29:37.028] w3c: 0 - - - 0 - - - Rowz:create row_7,1270524577
INF [20100405-20:29:37.131] w3c: 1 - - - - - - - Rowz:read 5204068666445855
INF [20100405-20:29:37.132] w3c: 0 - - - 0 - - - Rowz:create row_8,1270524577
INF [20100405-20:29:37.234] w3c: 1 - - - - - - - Rowz:read 5204068666445856
INF [20100405-20:29:37.236] w3c: 1 - - - 0 - - - Rowz:create row_9,1270524577
INF [20100405-20:29:37.338] w3c: 1 - - - - - - - Rowz:read 5204068666445857
